mode: set
github.com/ravencloak-org/Raven/internal/cache/cache.go:57.79,58.14 1 1
github.com/ravencloak-org/Raven/internal/cache/cache.go:58.14,60.3 1 1
github.com/ravencloak-org/Raven/internal/cache/cache.go:61.2,61.49 1 1
github.com/ravencloak-org/Raven/internal/cache/cache.go:66.37,69.2 2 1
github.com/ravencloak-org/Raven/internal/cache/cache.go:73.35,75.2 1 1
github.com/ravencloak-org/Raven/internal/cache/cache.go:78.38,80.2 1 1
github.com/ravencloak-org/Raven/internal/cache/cache.go:83.95,86.16 3 1
github.com/ravencloak-org/Raven/internal/cache/cache.go:86.16,87.23 1 1
github.com/ravencloak-org/Raven/internal/cache/cache.go:87.23,89.4 1 1
github.com/ravencloak-org/Raven/internal/cache/cache.go:90.3,90.47 1 0
github.com/ravencloak-org/Raven/internal/cache/cache.go:93.2,94.52 2 1
github.com/ravencloak-org/Raven/internal/cache/cache.go:94.52,96.3 1 0
github.com/ravencloak-org/Raven/internal/cache/cache.go:97.2,97.19 1 1
github.com/ravencloak-org/Raven/internal/cache/cache.go:102.98,106.16 3 1
github.com/ravencloak-org/Raven/internal/cache/cache.go:106.16,108.3 1 0
github.com/ravencloak-org/Raven/internal/cache/cache.go:110.2,116.42 5 1
github.com/ravencloak-org/Raven/internal/cache/cache.go:116.42,118.3 1 0
github.com/ravencloak-org/Raven/internal/cache/cache.go:119.2,119.12 1 1
github.com/ravencloak-org/Raven/internal/cache/cache.go:123.83,130.42 5 1
github.com/ravencloak-org/Raven/internal/cache/cache.go:130.42,132.3 1 0
github.com/ravencloak-org/Raven/internal/cache/cache.go:133.2,133.12 1 1
github.com/ravencloak-org/Raven/internal/cache/cache.go:139.78,143.16 3 1
github.com/ravencloak-org/Raven/internal/cache/cache.go:143.16,145.3 1 0
github.com/ravencloak-org/Raven/internal/cache/cache.go:147.2,147.23 1 1
github.com/ravencloak-org/Raven/internal/cache/cache.go:147.23,149.3 1 1
github.com/ravencloak-org/Raven/internal/cache/cache.go:152.2,153.30 2 1
github.com/ravencloak-org/Raven/internal/cache/cache.go:153.30,155.3 1 1
github.com/ravencloak-org/Raven/internal/cache/cache.go:156.2,158.42 2 1
github.com/ravencloak-org/Raven/internal/cache/cache.go:158.42,160.3 1 0
github.com/ravencloak-org/Raven/internal/cache/cache.go:161.2,161.12 1 1
github.com/ravencloak-org/Raven/internal/config/config.go:201.30,349.42 117 1
github.com/ravencloak-org/Raven/internal/config/config.go:349.42,351.3 1 0
github.com/ravencloak-org/Raven/internal/config/config.go:353.2,353.41 1 1
github.com/ravencloak-org/Raven/internal/config/config.go:353.41,355.3 1 0
github.com/ravencloak-org/Raven/internal/config/config.go:356.2,356.40 1 1
github.com/ravencloak-org/Raven/internal/config/config.go:356.40,358.3 1 0
github.com/ravencloak-org/Raven/internal/config/config.go:363.2,363.22 1 1
github.com/ravencloak-org/Raven/internal/config/config.go:363.22,365.51 2 1
github.com/ravencloak-org/Raven/internal/config/config.go:365.51,367.4 1 1
github.com/ravencloak-org/Raven/internal/config/config.go:370.2,370.18 1 1
github.com/ravencloak-org/Raven/internal/ebpf/xdp/stub.go:20.85,22.2 1 0
github.com/ravencloak-org/Raven/internal/ebpf/xdp/stub.go:23.49,23.50 0 0
github.com/ravencloak-org/Raven/internal/ebpf/xdp/stub.go:24.49,24.63 1 0
github.com/ravencloak-org/Raven/internal/crypto/aes.go:19.68,20.20 1 1
github.com/ravencloak-org/Raven/internal/crypto/aes.go:20.20,22.3 1 1
github.com/ravencloak-org/Raven/internal/crypto/aes.go:24.2,25.16 2 1
github.com/ravencloak-org/Raven/internal/crypto/aes.go:25.16,27.3 1 0
github.com/ravencloak-org/Raven/internal/crypto/aes.go:29.2,30.16 2 1
github.com/ravencloak-org/Raven/internal/crypto/aes.go:30.16,32.3 1 0
github.com/ravencloak-org/Raven/internal/crypto/aes.go:34.2,35.59 2 1
github.com/ravencloak-org/Raven/internal/crypto/aes.go:35.59,37.3 1 0
github.com/ravencloak-org/Raven/internal/crypto/aes.go:39.2,40.31 2 1
github.com/ravencloak-org/Raven/internal/crypto/aes.go:45.72,46.20 1 1
github.com/ravencloak-org/Raven/internal/crypto/aes.go:46.20,48.3 1 1
github.com/ravencloak-org/Raven/internal/crypto/aes.go:50.2,51.16 2 1
github.com/ravencloak-org/Raven/internal/crypto/aes.go:51.16,53.3 1 0
github.com/ravencloak-org/Raven/internal/crypto/aes.go:55.2,56.16 2 1
github.com/ravencloak-org/Raven/internal/crypto/aes.go:56.16,58.3 1 0
github.com/ravencloak-org/Raven/internal/crypto/aes.go:60.2,61.16 2 1
github.com/ravencloak-org/Raven/internal/crypto/aes.go:61.16,63.3 1 1
github.com/ravencloak-org/Raven/internal/crypto/aes.go:65.2,65.23 1 1
github.com/ravencloak-org/Raven/internal/crypto/aes.go:71.41,72.22 1 1
github.com/ravencloak-org/Raven/internal/crypto/aes.go:72.22,74.3 1 1
github.com/ravencloak-org/Raven/internal/crypto/aes.go:75.2,75.39 1 1
github.com/ravencloak-org/Raven/internal/db/clickhouse.go:24.84,25.20 1 1
github.com/ravencloak-org/Raven/internal/db/clickhouse.go:25.20,27.3 1 1
github.com/ravencloak-org/Raven/internal/db/clickhouse.go:29.2,30.15 2 0
github.com/ravencloak-org/Raven/internal/db/clickhouse.go:30.15,32.3 1 0
github.com/ravencloak-org/Raven/internal/db/clickhouse.go:34.2,48.16 2 0
github.com/ravencloak-org/Raven/internal/db/clickhouse.go:48.16,50.3 1 0
github.com/ravencloak-org/Raven/internal/db/clickhouse.go:52.2,52.39 1 0
github.com/ravencloak-org/Raven/internal/db/clickhouse.go:52.39,54.3 1 0
github.com/ravencloak-org/Raven/internal/db/clickhouse.go:56.2,56.18 1 0
github.com/ravencloak-org/Raven/internal/db/db.go:13.74,15.16 2 0
github.com/ravencloak-org/Raven/internal/db/db.go:15.16,17.3 1 0
github.com/ravencloak-org/Raven/internal/db/db.go:18.2,18.39 1 0
github.com/ravencloak-org/Raven/internal/db/db.go:18.39,20.3 1 0
github.com/ravencloak-org/Raven/internal/db/db.go:21.2,21.18 1 0
github.com/ravencloak-org/Raven/internal/db/db.go:27.103,29.16 2 1
github.com/ravencloak-org/Raven/internal/db/db.go:29.16,31.3 1 0
github.com/ravencloak-org/Raven/internal/db/db.go:32.2,34.100 2 0
github.com/ravencloak-org/Raven/internal/db/db.go:34.100,36.3 1 0
github.com/ravencloak-org/Raven/internal/db/db.go:37.2,37.31 1 0
github.com/ravencloak-org/Raven/internal/db/db.go:37.31,39.3 1 0
github.com/ravencloak-org/Raven/internal/db/db.go:40.2,40.23 1 0
github.com/ravencloak-org/Raven/internal/ebpf/stub.go:13.41,15.2 1 1
github.com/ravencloak-org/Raven/internal/ebpf/stub.go:18.32,20.2 1 0
github.com/ravencloak-org/Raven/internal/ebpf/stub.go:31.28,31.49 1 1
github.com/ravencloak-org/Raven/internal/ebpf/stub.go:34.44,34.58 1 0
github.com/ravencloak-org/Raven/internal/ebpf/stub.go:37.27,37.28 0 1
github.com/ravencloak-org/Raven/internal/ebpf/audit/cidr.go:10.55,12.29 2 1
github.com/ravencloak-org/Raven/internal/ebpf/audit/cidr.go:12.29,14.17 2 1
github.com/ravencloak-org/Raven/internal/ebpf/audit/cidr.go:14.17,16.4 1 1
github.com/ravencloak-org/Raven/internal/ebpf/audit/cidr.go:17.3,17.25 1 1
github.com/ravencloak-org/Raven/internal/ebpf/audit/cidr.go:19.2,19.18 1 1
github.com/ravencloak-org/Raven/internal/ebpf/audit/stub.go:27.80,29.2 1 1
github.com/ravencloak-org/Raven/internal/ebpf/audit/stub.go:32.46,32.47 0 0
github.com/ravencloak-org/Raven/internal/ebpf/audit/stub.go:35.34,35.48 1 1
github.com/ravencloak-org/Raven/internal/ebpf/observability/stub.go:19.64,21.2 1 1
github.com/ravencloak-org/Raven/internal/ebpf/observability/stub.go:24.47,24.48 0 1
github.com/ravencloak-org/Raven/internal/ebpf/observability/stub.go:27.35,27.49 1 1
github.com/ravencloak-org/Raven/internal/grpc/pb/ai_worker.pb.go:36.32,41.2 4 0
github.com/ravencloak-org/Raven/internal/grpc/pb/ai_worker.pb.go:43.40,45.2 1 0
github.com/ravencloak-org/Raven/internal/grpc/pb/ai_worker.pb.go:47.38,47.39 0 0
github.com/ravencloak-org/Raven/internal/grpc/pb/ai_worker.pb.go:49.60,51.14 2 0
github.com/ravencloak-org/Raven/internal/grpc/pb/ai_worker.pb.go:51.14,53.34 2 0
github.com/ravencloak-org/Raven/internal/grpc/pb/ai_worker.pb.go:53.34,55.4 1 0
github.com/ravencloak-org/Raven/internal/grpc/pb/ai_worker.pb.go:56.3,56.12 1 0
github.com/ravencloak-org/Raven/internal/grpc/pb/ai_worker.pb.go:58.2,58.24 1 0
github.com/ravencloak-org/Raven/internal/grpc/pb/ai_worker.pb.go:62.51,64.2 1 0
github.com/ravencloak-org/Raven/internal/grpc/pb/ai_worker.pb.go:66.47,67.14 1 0
github.com/ravencloak-org/Raven/internal/grpc/pb/ai_worker.pb.go:67.14,69.3 1 0
github.com/ravencloak-org/Raven/internal/grpc/pb/ai_worker.pb.go:70.2,70.11 1 0
github.com/ravencloak-org/Raven/internal/grpc/pb/ai_worker.pb.go:73.42,74.14 1 0
github.com/ravencloak-org/Raven/internal/grpc/pb/ai_worker.pb.go:74.14,76.3 1 0
github.com/ravencloak-org/Raven/internal/grpc/pb/ai_worker.pb.go:77.2,77.11 1 0
github.com/ravencloak-org/Raven/internal/grpc/pb/ai_worker.pb.go:80.41,81.14 1 0
github.com/ravencloak-org/Raven/internal/grpc/pb/ai_worker.pb.go:81.14,83.3 1 0
github.com/ravencloak-org/Raven/internal/grpc/pb/ai_worker.pb.go:84.2,84.11 1 0
github.com/ravencloak-org/Raven/internal/grpc/pb/ai_worker.pb.go:87.44,88.14 1 0
github.com/ravencloak-org/Raven/internal/grpc/pb/ai_worker.pb.go:88.14,90.3 1 0
github.com/ravencloak-org/Raven/internal/grpc/pb/ai_worker.pb.go:91.2,91.12 1 0
github.com/ravencloak-org/Raven/internal/grpc/pb/ai_worker.pb.go:94.45,95.14 1 0
github.com/ravencloak-org/Raven/internal/grpc/pb/ai_worker.pb.go:95.14,97.3 1 0
github.com/ravencloak-org/Raven/internal/grpc/pb/ai_worker.pb.go:98.2,98.11 1 0
github.com/ravencloak-org/Raven/internal/grpc/pb/ai_worker.pb.go:101.45,102.14 1 0
github.com/ravencloak-org/Raven/internal/grpc/pb/ai_worker.pb.go:102.14,104.3 1 0
github.com/ravencloak-org/Raven/internal/grpc/pb/ai_worker.pb.go:105.2,105.11 1 0
github.com/ravencloak-org/Raven/internal/grpc/pb/ai_worker.pb.go:119.33,124.2 4 0
github.com/ravencloak-org/Raven/internal/grpc/pb/ai_worker.pb.go:126.41,128.2 1 0
github.com/ravencloak-org/Raven/internal/grpc/pb/ai_worker.pb.go:130.39,130.40 0 0
github.com/ravencloak-org/Raven/internal/grpc/pb/ai_worker.pb.go:132.61,134.14 2 0
github.com/ravencloak-org/Raven/internal/grpc/pb/ai_worker.pb.go:134.14,136.34 2 0
github.com/ravencloak-org/Raven/internal/grpc/pb/ai_worker.pb.go:136.34,138.4 1 0
github.com/ravencloak-org/Raven/internal/grpc/pb/ai_worker.pb.go:139.3,139.12 1 0
github.com/ravencloak-org/Raven/internal/grpc/pb/ai_worker.pb.go:141.2,141.24 1 0
github.com/ravencloak-org/Raven/internal/grpc/pb/ai_worker.pb.go:145.52,147.2 1 0
github.com/ravencloak-org/Raven/internal/grpc/pb/ai_worker.pb.go:149.48,150.14 1 0
github.com/ravencloak-org/Raven/internal/grpc/pb/ai_worker.pb.go:150.14,152.3 1 0
github.com/ravencloak-org/Raven/internal/grpc/pb/ai_worker.pb.go:153.2,153.11 1 0
github.com/ravencloak-org/Raven/internal/grpc/pb/ai_worker.pb.go:156.47,157.14 1 0
github.com/ravencloak-org/Raven/internal/grpc/pb/ai_worker.pb.go:157.14,159.3 1 0
github.com/ravencloak-org/Raven/internal/grpc/pb/ai_worker.pb.go:160.2,160.10 1 0
github.com/ravencloak-org/Raven/internal/grpc/pb/ai_worker.pb.go:163.44,164.14 1 0
github.com/ravencloak-org/Raven/internal/grpc/pb/ai_worker.pb.go:164.14,166.3 1 0
github.com/ravencloak-org/Raven/internal/grpc/pb/ai_worker.pb.go:167.2,167.11 1 0
github.com/ravencloak-org/Raven/internal/grpc/pb/ai_worker.pb.go:170.50,171.14 1 0
github.com/ravencloak-org/Raven/internal/grpc/pb/ai_worker.pb.go:171.14,173.3 1 0
github.com/ravencloak-org/Raven/internal/grpc/pb/ai_worker.pb.go:174.2,174.11 1 0
github.com/ravencloak-org/Raven/internal/grpc/pb/ai_worker.pb.go:191.30,196.2 4 0
github.com/ravencloak-org/Raven/internal/grpc/pb/ai_worker.pb.go:198.38,200.2 1 0
github.com/ravencloak-org/Raven/internal/grpc/pb/ai_worker.pb.go:202.36,202.37 0 0
github.com/ravencloak-org/Raven/internal/grpc/pb/ai_worker.pb.go:204.58,206.14 2 0
github.com/ravencloak-org/Raven/internal/grpc/pb/ai_worker.pb.go:206.14,208.34 2 0
github.com/ravencloak-org/Raven/internal/grpc/pb/ai_worker.pb.go:208.34,210.4 1 0
github.com/ravencloak-org/Raven/internal/grpc/pb/ai_worker.pb.go:211.3,211.12 1 0
github.com/ravencloak-org/Raven/internal/grpc/pb/ai_worker.pb.go:213.2,213.24 1 0
github.com/ravencloak-org/Raven/internal/grpc/pb/ai_worker.pb.go:217.49,219.2 1 0
github.com/ravencloak-org/Raven/internal/grpc/pb/ai_worker.pb.go:221.40,222.14 1 0
github.com/ravencloak-org/Raven/internal/grpc/pb/ai_worker.pb.go:222.14,224.3 1 0
github.com/ravencloak-org/Raven/internal/grpc/pb/ai_worker.pb.go:225.2,225.11 1 0
github.com/ravencloak-org/Raven/internal/grpc/pb/ai_worker.pb.go:228.40,229.14 1 0
github.com/ravencloak-org/Raven/internal/grpc/pb/ai_worker.pb.go:229.14,231.3 1 0
github.com/ravencloak-org/Raven/internal/grpc/pb/ai_worker.pb.go:232.2,232.11 1 0
github.com/ravencloak-org/Raven/internal/grpc/pb/ai_worker.pb.go:235.42,236.14 1 0
github.com/ravencloak-org/Raven/internal/grpc/pb/ai_worker.pb.go:236.14,238.3 1 0
github.com/ravencloak-org/Raven/internal/grpc/pb/ai_worker.pb.go:239.2,239.12 1 0
github.com/ravencloak-org/Raven/internal/grpc/pb/ai_worker.pb.go:242.44,243.14 1 0
github.com/ravencloak-org/Raven/internal/grpc/pb/ai_worker.pb.go:243.14,245.3 1 0
github.com/ravencloak-org/Raven/internal/grpc/pb/ai_worker.pb.go:246.2,246.11 1 0
github.com/ravencloak-org/Raven/internal/grpc/pb/ai_worker.pb.go:249.53,250.14 1 0
github.com/ravencloak-org/Raven/internal/grpc/pb/ai_worker.pb.go:250.14,252.3 1 0
github.com/ravencloak-org/Raven/internal/grpc/pb/ai_worker.pb.go:253.2,253.12 1 0
github.com/ravencloak-org/Raven/internal/grpc/pb/ai_worker.pb.go:256.40,257.14 1 0
github.com/ravencloak-org/Raven/internal/grpc/pb/ai_worker.pb.go:257.14,259.3 1 0
github.com/ravencloak-org/Raven/internal/grpc/pb/ai_worker.pb.go:260.2,260.11 1 0
github.com/ravencloak-org/Raven/internal/grpc/pb/ai_worker.pb.go:263.43,264.14 1 0
github.com/ravencloak-org/Raven/internal/grpc/pb/ai_worker.pb.go:264.14,266.3 1 0
github.com/ravencloak-org/Raven/internal/grpc/pb/ai_worker.pb.go:267.2,267.11 1 0
github.com/ravencloak-org/Raven/internal/grpc/pb/ai_worker.pb.go:280.28,285.2 4 0
github.com/ravencloak-org/Raven/internal/grpc/pb/ai_worker.pb.go:287.36,289.2 1 0
github.com/ravencloak-org/Raven/internal/grpc/pb/ai_worker.pb.go:291.34,291.35 0 0
github.com/ravencloak-org/Raven/internal/grpc/pb/ai_worker.pb.go:293.56,295.14 2 0
github.com/ravencloak-org/Raven/internal/grpc/pb/ai_worker.pb.go:295.14,297.34 2 0
github.com/ravencloak-org/Raven/internal/grpc/pb/ai_worker.pb.go:297.34,299.4 1 0
github.com/ravencloak-org/Raven/internal/grpc/pb/ai_worker.pb.go:300.3,300.12 1 0
github.com/ravencloak-org/Raven/internal/grpc/pb/ai_worker.pb.go:302.2,302.24 1 0
github.com/ravencloak-org/Raven/internal/grpc/pb/ai_worker.pb.go:306.47,308.2 1 0
github.com/ravencloak-org/Raven/internal/grpc/pb/ai_worker.pb.go:310.37,311.14 1 0
github.com/ravencloak-org/Raven/internal/grpc/pb/ai_worker.pb.go:311.14,313.3 1 0
github.com/ravencloak-org/Raven/internal/grpc/pb/ai_worker.pb.go:314.2,314.11 1 0
github.com/ravencloak-org/Raven/internal/grpc/pb/ai_worker.pb.go:317.38,318.14 1 0
github.com/ravencloak-org/Raven/internal/grpc/pb/ai_worker.pb.go:318.14,320.3 1 0
github.com/ravencloak-org/Raven/internal/grpc/pb/ai_worker.pb.go:321.2,321.14 1 0
github.com/ravencloak-org/Raven/internal/grpc/pb/ai_worker.pb.go:324.43,325.14 1 0
github.com/ravencloak-org/Raven/internal/grpc/pb/ai_worker.pb.go:325.14,327.3 1 0
github.com/ravencloak-org/Raven/internal/grpc/pb/ai_worker.pb.go:328.2,328.12 1 0
github.com/ravencloak-org/Raven/internal/grpc/pb/ai_worker.pb.go:342.26,347.2 4 0
github.com/ravencloak-org/Raven/internal/grpc/pb/ai_worker.pb.go:349.34,351.2 1 0
github.com/ravencloak-org/Raven/internal/grpc/pb/ai_worker.pb.go:353.32,353.33 0 0
github.com/ravencloak-org/Raven/internal/grpc/pb/ai_worker.pb.go:355.54,357.14 2 0
github.com/ravencloak-org/Raven/internal/grpc/pb/ai_worker.pb.go:357.14,359.34 2 0
github.com/ravencloak-org/Raven/internal/grpc/pb/ai_worker.pb.go:359.34,361.4 1 0
github.com/ravencloak-org/Raven/internal/grpc/pb/ai_worker.pb.go:362.3,362.12 1 0
github.com/ravencloak-org/Raven/internal/grpc/pb/ai_worker.pb.go:364.2,364.24 1 0
github.com/ravencloak-org/Raven/internal/grpc/pb/ai_worker.pb.go:368.45,370.2 1 0
github.com/ravencloak-org/Raven/internal/grpc/pb/ai_worker.pb.go:372.41,373.14 1 0
github.com/ravencloak-org/Raven/internal/grpc/pb/ai_worker.pb.go:373.14,375.3 1 0
github.com/ravencloak-org/Raven/internal/grpc/pb/ai_worker.pb.go:376.2,376.11 1 0
github.com/ravencloak-org/Raven/internal/grpc/pb/ai_worker.pb.go:379.43,380.14 1 0
github.com/ravencloak-org/Raven/internal/grpc/pb/ai_worker.pb.go:380.14,382.3 1 0
github.com/ravencloak-org/Raven/internal/grpc/pb/ai_worker.pb.go:383.2,383.11 1 0
github.com/ravencloak-org/Raven/internal/grpc/pb/ai_worker.pb.go:386.40,387.14 1 0
github.com/ravencloak-org/Raven/internal/grpc/pb/ai_worker.pb.go:387.14,389.3 1 0
github.com/ravencloak-org/Raven/internal/grpc/pb/ai_worker.pb.go:390.2,390.11 1 0
github.com/ravencloak-org/Raven/internal/grpc/pb/ai_worker.pb.go:393.37,394.14 1 0
github.com/ravencloak-org/Raven/internal/grpc/pb/ai_worker.pb.go:394.14,396.3 1 0
github.com/ravencloak-org/Raven/internal/grpc/pb/ai_worker.pb.go:397.2,397.10 1 0
github.com/ravencloak-org/Raven/internal/grpc/pb/ai_worker.pb.go:411.36,416.2 4 0
github.com/ravencloak-org/Raven/internal/grpc/pb/ai_worker.pb.go:418.44,420.2 1 0
github.com/ravencloak-org/Raven/internal/grpc/pb/ai_worker.pb.go:422.42,422.43 0 0
github.com/ravencloak-org/Raven/internal/grpc/pb/ai_worker.pb.go:424.64,426.14 2 0
github.com/ravencloak-org/Raven/internal/grpc/pb/ai_worker.pb.go:426.14,428.34 2 0
github.com/ravencloak-org/Raven/internal/grpc/pb/ai_worker.pb.go:428.34,430.4 1 0
github.com/ravencloak-org/Raven/internal/grpc/pb/ai_worker.pb.go:431.3,431.12 1 0
github.com/ravencloak-org/Raven/internal/grpc/pb/ai_worker.pb.go:433.2,433.24 1 0
github.com/ravencloak-org/Raven/internal/grpc/pb/ai_worker.pb.go:437.55,439.2 1 0
github.com/ravencloak-org/Raven/internal/grpc/pb/ai_worker.pb.go:441.45,442.14 1 0
github.com/ravencloak-org/Raven/internal/grpc/pb/ai_worker.pb.go:442.14,444.3 1 0
github.com/ravencloak-org/Raven/internal/grpc/pb/ai_worker.pb.go:445.2,445.11 1 0
github.com/ravencloak-org/Raven/internal/grpc/pb/ai_worker.pb.go:448.46,449.14 1 0
github.com/ravencloak-org/Raven/internal/grpc/pb/ai_worker.pb.go:449.14,451.3 1 0
github.com/ravencloak-org/Raven/internal/grpc/pb/ai_worker.pb.go:452.2,452.11 1 0
github.com/ravencloak-org/Raven/internal/grpc/pb/ai_worker.pb.go:455.46,456.14 1 0
github.com/ravencloak-org/Raven/internal/grpc/pb/ai_worker.pb.go:456.14,458.3 1 0
github.com/ravencloak-org/Raven/internal/grpc/pb/ai_worker.pb.go:459.2,459.11 1 0
github.com/ravencloak-org/Raven/internal/grpc/pb/ai_worker.pb.go:462.49,463.14 1 0
github.com/ravencloak-org/Raven/internal/grpc/pb/ai_worker.pb.go:463.14,465.3 1 0
github.com/ravencloak-org/Raven/internal/grpc/pb/ai_worker.pb.go:466.2,466.11 1 0
github.com/ravencloak-org/Raven/internal/grpc/pb/ai_worker.pb.go:478.37,483.2 4 0
github.com/ravencloak-org/Raven/internal/grpc/pb/ai_worker.pb.go:485.45,487.2 1 0
github.com/ravencloak-org/Raven/internal/grpc/pb/ai_worker.pb.go:489.43,489.44 0 0
github.com/ravencloak-org/Raven/internal/grpc/pb/ai_worker.pb.go:491.65,493.14 2 0
github.com/ravencloak-org/Raven/internal/grpc/pb/ai_worker.pb.go:493.14,495.34 2 0
github.com/ravencloak-org/Raven/internal/grpc/pb/ai_worker.pb.go:495.34,497.4 1 0
github.com/ravencloak-org/Raven/internal/grpc/pb/ai_worker.pb.go:498.3,498.12 1 0
github.com/ravencloak-org/Raven/internal/grpc/pb/ai_worker.pb.go:500.2,500.24 1 0
github.com/ravencloak-org/Raven/internal/grpc/pb/ai_worker.pb.go:504.56,506.2 1 0
github.com/ravencloak-org/Raven/internal/grpc/pb/ai_worker.pb.go:508.54,509.14 1 0
github.com/ravencloak-org/Raven/internal/grpc/pb/ai_worker.pb.go:509.14,511.3 1 0
github.com/ravencloak-org/Raven/internal/grpc/pb/ai_worker.pb.go:512.2,512.12 1 0
github.com/ravencloak-org/Raven/internal/grpc/pb/ai_worker.pb.go:515.51,516.14 1 0
github.com/ravencloak-org/Raven/internal/grpc/pb/ai_worker.pb.go:516.14,518.3 1 0
github.com/ravencloak-org/Raven/internal/grpc/pb/ai_worker.pb.go:519.2,519.10 1 0
github.com/ravencloak-org/Raven/internal/grpc/pb/ai_worker.pb.go:618.48,619.45 1 0
github.com/ravencloak-org/Raven/internal/grpc/pb/ai_worker.pb.go:619.45,621.3 1 0
github.com/ravencloak-org/Raven/internal/grpc/pb/ai_worker.pb.go:622.2,622.41 1 0
github.com/ravencloak-org/Raven/internal/grpc/pb/ai_worker.pb.go:652.13,652.44 1 0
github.com/ravencloak-org/Raven/internal/grpc/pb/ai_worker.pb.go:653.34,654.33 1 0
github.com/ravencloak-org/Raven/internal/grpc/pb/ai_worker.pb.go:654.33,656.3 1 0
github.com/ravencloak-org/Raven/internal/grpc/pb/ai_worker.pb.go:657.2,674.36 6 0
github.com/ravencloak-org/Raven/internal/grpc/pb/ai_worker_grpc.pb.go:40.68,42.2 1 0
github.com/ravencloak-org/Raven/internal/grpc/pb/ai_worker_grpc.pb.go:44.128,48.16 4 0
github.com/ravencloak-org/Raven/internal/grpc/pb/ai_worker_grpc.pb.go:48.16,50.3 1 0
github.com/ravencloak-org/Raven/internal/grpc/pb/ai_worker_grpc.pb.go:51.2,51.17 1 0
github.com/ravencloak-org/Raven/internal/grpc/pb/ai_worker_grpc.pb.go:54.143,57.16 3 0
github.com/ravencloak-org/Raven/internal/grpc/pb/ai_worker_grpc.pb.go:57.16,59.3 1 0
github.com/ravencloak-org/Raven/internal/grpc/pb/ai_worker_grpc.pb.go:60.2,61.51 2 0
github.com/ravencloak-org/Raven/internal/grpc/pb/ai_worker_grpc.pb.go:61.51,63.3 1 0
github.com/ravencloak-org/Raven/internal/grpc/pb/ai_worker_grpc.pb.go:64.2,64.51 1 0
github.com/ravencloak-org/Raven/internal/grpc/pb/ai_worker_grpc.pb.go:64.51,66.3 1 0
github.com/ravencloak-org/Raven/internal/grpc/pb/ai_worker_grpc.pb.go:67.2,67.15 1 0
github.com/ravencloak-org/Raven/internal/grpc/pb/ai_worker_grpc.pb.go:73.135,77.16 4 0
github.com/ravencloak-org/Raven/internal/grpc/pb/ai_worker_grpc.pb.go:77.16,79.3 1 0
github.com/ravencloak-org/Raven/internal/grpc/pb/ai_worker_grpc.pb.go:80.2,80.17 1 0
github.com/ravencloak-org/Raven/internal/grpc/pb/ai_worker_grpc.pb.go:100.106,102.2 1 0
github.com/ravencloak-org/Raven/internal/grpc/pb/ai_worker_grpc.pb.go:103.102,105.2 1 0
github.com/ravencloak-org/Raven/internal/grpc/pb/ai_worker_grpc.pb.go:106.113,108.2 1 0
github.com/ravencloak-org/Raven/internal/grpc/pb/ai_worker_grpc.pb.go:109.76,109.77 0 0
github.com/ravencloak-org/Raven/internal/grpc/pb/ai_worker_grpc.pb.go:110.76,110.77 0 0
github.com/ravencloak-org/Raven/internal/grpc/pb/ai_worker_grpc.pb.go:119.74,124.59 1 0
github.com/ravencloak-org/Raven/internal/grpc/pb/ai_worker_grpc.pb.go:124.59,126.3 1 0
github.com/ravencloak-org/Raven/internal/grpc/pb/ai_worker_grpc.pb.go:127.2,127.47 1 0
github.com/ravencloak-org/Raven/internal/grpc/pb/ai_worker_grpc.pb.go:130.167,132.32 2 0
github.com/ravencloak-org/Raven/internal/grpc/pb/ai_worker_grpc.pb.go:132.32,134.3 1 0
github.com/ravencloak-org/Raven/internal/grpc/pb/ai_worker_grpc.pb.go:135.2,135.24 1 0
github.com/ravencloak-org/Raven/internal/grpc/pb/ai_worker_grpc.pb.go:135.24,137.3 1 0
github.com/ravencloak-org/Raven/internal/grpc/pb/ai_worker_grpc.pb.go:138.2,142.77 2 0
github.com/ravencloak-org/Raven/internal/grpc/pb/ai_worker_grpc.pb.go:142.77,144.3 1 0
github.com/ravencloak-org/Raven/internal/grpc/pb/ai_worker_grpc.pb.go:145.2,145.44 1 0
github.com/ravencloak-org/Raven/internal/grpc/pb/ai_worker_grpc.pb.go:148.82,150.42 2 0
github.com/ravencloak-org/Raven/internal/grpc/pb/ai_worker_grpc.pb.go:150.42,152.3 1 0
github.com/ravencloak-org/Raven/internal/grpc/pb/ai_worker_grpc.pb.go:153.2,153.112 1 0
github.com/ravencloak-org/Raven/internal/grpc/pb/ai_worker_grpc.pb.go:159.166,161.32 2 0
github.com/ravencloak-org/Raven/internal/grpc/pb/ai_worker_grpc.pb.go:161.32,163.3 1 0
github.com/ravencloak-org/Raven/internal/grpc/pb/ai_worker_grpc.pb.go:164.2,164.24 1 0
github.com/ravencloak-org/Raven/internal/grpc/pb/ai_worker_grpc.pb.go:164.24,166.3 1 0
github.com/ravencloak-org/Raven/internal/grpc/pb/ai_worker_grpc.pb.go:167.2,171.77 2 0
github.com/ravencloak-org/Raven/internal/grpc/pb/ai_worker_grpc.pb.go:171.77,173.3 1 0
github.com/ravencloak-org/Raven/internal/grpc/pb/ai_worker_grpc.pb.go:174.2,174.44 1 0
github.com/ravencloak-org/Raven/internal/ee/licensing/license.go:32.32,34.2 1 1
github.com/ravencloak-org/Raven/internal/ee/licensing/license.go:37.51,38.16 1 1
github.com/ravencloak-org/Raven/internal/ee/licensing/license.go:38.16,40.3 1 1
github.com/ravencloak-org/Raven/internal/ee/licensing/license.go:41.2,41.30 1 1
github.com/ravencloak-org/Raven/internal/ee/licensing/license.go:41.30,43.3 1 1
github.com/ravencloak-org/Raven/internal/ee/licensing/license.go:44.2,44.41 1 1
github.com/ravencloak-org/Raven/internal/grpc/client.go:18.46,20.16 2 1
github.com/ravencloak-org/Raven/internal/grpc/client.go:20.16,22.3 1 0
github.com/ravencloak-org/Raven/internal/grpc/client.go:23.2,23.69 1 1
github.com/ravencloak-org/Raven/internal/grpc/client.go:27.45,27.64 1 1
github.com/ravencloak-org/Raven/internal/grpc/client.go:30.32,30.57 1 1
github.com/ravencloak-org/Raven/internal/stt/deepgram.go:37.64,38.22 1 0
github.com/ravencloak-org/Raven/internal/stt/deepgram.go:38.22,40.3 1 0
github.com/ravencloak-org/Raven/internal/stt/deepgram.go:41.2,42.17 2 0
github.com/ravencloak-org/Raven/internal/stt/deepgram.go:42.17,44.3 1 0
github.com/ravencloak-org/Raven/internal/stt/deepgram.go:45.2,46.16 2 0
github.com/ravencloak-org/Raven/internal/stt/deepgram.go:46.16,48.3 1 0
github.com/ravencloak-org/Raven/internal/stt/deepgram.go:49.2,56.8 1 0
github.com/ravencloak-org/Raven/internal/stt/deepgram.go:59.48,61.2 1 0
github.com/ravencloak-org/Raven/internal/stt/deepgram.go:88.125,90.16 2 0
github.com/ravencloak-org/Raven/internal/stt/deepgram.go:90.16,92.3 1 0
github.com/ravencloak-org/Raven/internal/stt/deepgram.go:94.2,95.16 2 0
github.com/ravencloak-org/Raven/internal/stt/deepgram.go:95.16,97.3 1 0
github.com/ravencloak-org/Raven/internal/stt/deepgram.go:99.2,100.16 2 0
github.com/ravencloak-org/Raven/internal/stt/deepgram.go:100.16,102.3 1 0
github.com/ravencloak-org/Raven/internal/stt/deepgram.go:103.2,107.16 4 0
github.com/ravencloak-org/Raven/internal/stt/deepgram.go:107.16,109.3 1 0
github.com/ravencloak-org/Raven/internal/stt/deepgram.go:110.2,110.15 1 0
github.com/ravencloak-org/Raven/internal/stt/deepgram.go:110.15,111.53 1 0
github.com/ravencloak-org/Raven/internal/stt/deepgram.go:111.53,113.4 1 0
github.com/ravencloak-org/Raven/internal/stt/deepgram.go:116.2,116.38 1 0
github.com/ravencloak-org/Raven/internal/stt/deepgram.go:116.38,119.3 2 0
github.com/ravencloak-org/Raven/internal/stt/deepgram.go:121.2,122.67 2 0
github.com/ravencloak-org/Raven/internal/stt/deepgram.go:122.67,124.3 1 0
github.com/ravencloak-org/Raven/internal/stt/deepgram.go:126.2,126.39 1 0
github.com/ravencloak-org/Raven/internal/stt/deepgram.go:129.74,131.16 2 0
github.com/ravencloak-org/Raven/internal/stt/deepgram.go:131.16,133.3 1 0
github.com/ravencloak-org/Raven/internal/stt/deepgram.go:134.2,136.17 3 0
github.com/ravencloak-org/Raven/internal/stt/deepgram.go:136.17,138.3 1 0
github.com/ravencloak-org/Raven/internal/stt/deepgram.go:139.2,143.25 4 0
github.com/ravencloak-org/Raven/internal/stt/deepgram.go:143.25,145.3 1 0
github.com/ravencloak-org/Raven/internal/stt/deepgram.go:145.8,147.3 1 0
github.com/ravencloak-org/Raven/internal/stt/deepgram.go:148.2,148.25 1 0
github.com/ravencloak-org/Raven/internal/stt/deepgram.go:148.25,150.3 1 0
github.com/ravencloak-org/Raven/internal/stt/deepgram.go:151.2,151.25 1 0
github.com/ravencloak-org/Raven/internal/stt/deepgram.go:151.25,153.3 1 0
github.com/ravencloak-org/Raven/internal/stt/deepgram.go:154.2,155.24 2 0
github.com/ravencloak-org/Raven/internal/stt/deepgram.go:158.97,164.86 2 0
github.com/ravencloak-org/Raven/internal/stt/deepgram.go:164.86,170.31 5 0
github.com/ravencloak-org/Raven/internal/stt/deepgram.go:170.31,177.4 1 0
github.com/ravencloak-org/Raven/internal/stt/deepgram.go:178.3,178.23 1 0
github.com/ravencloak-org/Raven/internal/stt/deepgram.go:181.2,181.15 1 0
github.com/ravencloak-org/Raven/internal/stt/deepgram.go:185.53,186.18 1 0
github.com/ravencloak-org/Raven/internal/stt/deepgram.go:187.13,188.22 1 0
github.com/ravencloak-org/Raven/internal/stt/deepgram.go:189.21,190.21 1 0
github.com/ravencloak-org/Raven/internal/stt/deepgram.go:191.14,192.22 1 0
github.com/ravencloak-org/Raven/internal/stt/deepgram.go:193.25,194.21 1 0
github.com/ravencloak-org/Raven/internal/stt/deepgram.go:195.14,196.22 1 0
github.com/ravencloak-org/Raven/internal/stt/deepgram.go:197.10,199.21 1 0
github.com/ravencloak-org/Raven/internal/stt/factory.go:15.48,16.22 1 0
github.com/ravencloak-org/Raven/internal/stt/factory.go:17.24,18.43 1 0
github.com/ravencloak-org/Raven/internal/stt/factory.go:19.23,20.46 1 0
github.com/ravencloak-org/Raven/internal/stt/factory.go:21.10,23.32 1 0
github.com/ravencloak-org/Raven/internal/stt/factory.go:23.32,25.4 1 0
github.com/ravencloak-org/Raven/internal/stt/factory.go:26.3,26.46 1 0
github.com/ravencloak-org/Raven/internal/stt/factory.go:27.10,28.71 1 0
github.com/ravencloak-org/Raven/internal/stt/whisper.go:37.53,39.20 2 0
github.com/ravencloak-org/Raven/internal/stt/whisper.go:39.20,41.3 1 0
github.com/ravencloak-org/Raven/internal/stt/whisper.go:42.2,43.17 2 0
github.com/ravencloak-org/Raven/internal/stt/whisper.go:43.17,45.3 1 0
github.com/ravencloak-org/Raven/internal/stt/whisper.go:46.2,52.3 1 0
github.com/ravencloak-org/Raven/internal/stt/whisper.go:55.47,57.2 1 0
github.com/ravencloak-org/Raven/internal/stt/whisper.go:80.124,82.16 2 0
github.com/ravencloak-org/Raven/internal/stt/whisper.go:82.16,84.3 1 0
github.com/ravencloak-org/Raven/internal/stt/whisper.go:86.2,87.16 2 0
github.com/ravencloak-org/Raven/internal/stt/whisper.go:87.16,89.3 1 0
github.com/ravencloak-org/Raven/internal/stt/whisper.go:91.2,93.16 3 0
github.com/ravencloak-org/Raven/internal/stt/whisper.go:93.16,95.3 1 0
github.com/ravencloak-org/Raven/internal/stt/whisper.go:96.2,99.16 3 0
github.com/ravencloak-org/Raven/internal/stt/whisper.go:99.16,101.3 1 0
github.com/ravencloak-org/Raven/internal/stt/whisper.go:102.2,102.15 1 0
github.com/ravencloak-org/Raven/internal/stt/whisper.go:102.15,103.53 1 0
github.com/ravencloak-org/Raven/internal/stt/whisper.go:103.53,105.4 1 0
github.com/ravencloak-org/Raven/internal/stt/whisper.go:108.2,108.38 1 0
github.com/ravencloak-org/Raven/internal/stt/whisper.go:108.38,111.3 2 0
github.com/ravencloak-org/Raven/internal/stt/whisper.go:113.2,114.66 2 0
github.com/ravencloak-org/Raven/internal/stt/whisper.go:114.66,116.3 1 0
github.com/ravencloak-org/Raven/internal/stt/whisper.go:118.2,118.32 1 0
github.com/ravencloak-org/Raven/internal/stt/whisper.go:121.113,127.16 4 0
github.com/ravencloak-org/Raven/internal/stt/whisper.go:127.16,129.3 1 0
github.com/ravencloak-org/Raven/internal/stt/whisper.go:130.2,130.48 1 0
github.com/ravencloak-org/Raven/internal/stt/whisper.go:130.48,132.3 1 0
github.com/ravencloak-org/Raven/internal/stt/whisper.go:135.2,136.17 2 0
github.com/ravencloak-org/Raven/internal/stt/whisper.go:136.17,138.3 1 0
github.com/ravencloak-org/Raven/internal/stt/whisper.go:139.2,139.54 1 0
github.com/ravencloak-org/Raven/internal/stt/whisper.go:139.54,141.3 1 0
github.com/ravencloak-org/Raven/internal/stt/whisper.go:144.2,144.25 1 0
github.com/ravencloak-org/Raven/internal/stt/whisper.go:144.25,145.66 1 0
github.com/ravencloak-org/Raven/internal/stt/whisper.go:145.66,147.4 1 0
github.com/ravencloak-org/Raven/internal/stt/whisper.go:150.2,150.35 1 0
github.com/ravencloak-org/Raven/internal/stt/whisper.go:150.35,152.3 1 0
github.com/ravencloak-org/Raven/internal/stt/whisper.go:154.2,154.44 1 0
github.com/ravencloak-org/Raven/internal/stt/whisper.go:157.77,166.36 2 0
github.com/ravencloak-org/Raven/internal/stt/whisper.go:166.36,167.34 1 0
github.com/ravencloak-org/Raven/internal/stt/whisper.go:167.34,174.4 1 0
github.com/ravencloak-org/Raven/internal/stt/whisper.go:177.2,177.15 1 0
github.com/ravencloak-org/Raven/internal/handler/airbyte.go:31.61,33.2 1 1
github.com/ravencloak-org/Raven/internal/handler/airbyte.go:50.49,56.47 5 1
github.com/ravencloak-org/Raven/internal/handler/airbyte.go:56.47,64.3 3 1
github.com/ravencloak-org/Raven/internal/handler/airbyte.go:66.2,67.16 2 1
github.com/ravencloak-org/Raven/internal/handler/airbyte.go:67.16,71.3 3 1
github.com/ravencloak-org/Raven/internal/handler/airbyte.go:72.2,72.34 1 1
github.com/ravencloak-org/Raven/internal/handler/airbyte.go:87.47,93.16 5 1
github.com/ravencloak-org/Raven/internal/handler/airbyte.go:93.16,97.3 3 0
github.com/ravencloak-org/Raven/internal/handler/airbyte.go:98.2,98.29 1 1
github.com/ravencloak-org/Raven/internal/handler/airbyte.go:113.46,117.16 4 1
github.com/ravencloak-org/Raven/internal/handler/airbyte.go:117.16,121.3 3 1
github.com/ravencloak-org/Raven/internal/handler/airbyte.go:122.2,122.29 1 1
github.com/ravencloak-org/Raven/internal/handler/airbyte.go:142.49,147.47 4 1
github.com/ravencloak-org/Raven/internal/handler/airbyte.go:147.47,155.3 3 0
github.com/ravencloak-org/Raven/internal/handler/airbyte.go:157.2,158.16 2 1
github.com/ravencloak-org/Raven/internal/handler/airbyte.go:158.16,162.3 3 1
github.com/ravencloak-org/Raven/internal/handler/airbyte.go:163.2,163.29 1 1
github.com/ravencloak-org/Raven/internal/handler/airbyte.go:178.49,181.78 3 1
github.com/ravencloak-org/Raven/internal/handler/airbyte.go:181.78,185.3 3 1
github.com/ravencloak-org/Raven/internal/handler/airbyte.go:186.2,186.32 1 1
github.com/ravencloak-org/Raven/internal/handler/airbyte.go:202.54,205.83 3 1
github.com/ravencloak-org/Raven/internal/handler/airbyte.go:205.83,209.3 3 1
github.com/ravencloak-org/Raven/internal/handler/airbyte.go:210.2,210.68 1 1
github.com/ravencloak-org/Raven/internal/handler/airbyte.go:226.57,232.16 5 1
github.com/ravencloak-org/Raven/internal/handler/airbyte.go:232.16,236.3 3 0
github.com/ravencloak-org/Raven/internal/handler/airbyte.go:237.2,237.32 1 1
github.com/ravencloak-org/Raven/internal/handler/apikey.go:26.58,28.2 1 1
github.com/ravencloak-org/Raven/internal/handler/apikey.go:45.48,50.13 5 1
github.com/ravencloak-org/Raven/internal/handler/apikey.go:50.13,54.3 3 0
github.com/ravencloak-org/Raven/internal/handler/apikey.go:56.2,57.47 2 1
github.com/ravencloak-org/Raven/internal/handler/apikey.go:57.47,65.3 3 1
github.com/ravencloak-org/Raven/internal/handler/apikey.go:67.2,69.16 3 1
github.com/ravencloak-org/Raven/internal/handler/apikey.go:69.16,73.3 3 1
github.com/ravencloak-org/Raven/internal/handler/apikey.go:74.2,74.34 1 1
github.com/ravencloak-org/Raven/internal/handler/apikey.go:89.46,94.16 4 1
github.com/ravencloak-org/Raven/internal/handler/apikey.go:94.16,98.3 3 0
github.com/ravencloak-org/Raven/internal/handler/apikey.go:99.2,99.17 1 1
github.com/ravencloak-org/Raven/internal/handler/apikey.go:99.17,101.3 1 1
github.com/ravencloak-org/Raven/internal/handler/apikey.go:102.2,102.29 1 1
github.com/ravencloak-org/Raven/internal/handler/apikey.go:118.48,122.72 3 1
github.com/ravencloak-org/Raven/internal/handler/apikey.go:122.72,126.3 3 1
github.com/ravencloak-org/Raven/internal/handler/apikey.go:127.2,127.32 1 1
github.com/ravencloak-org/Raven/internal/handler/billing.go:31.61,33.2 1 1
github.com/ravencloak-org/Raven/internal/handler/billing.go:43.51,46.2 2 1
github.com/ravencloak-org/Raven/internal/handler/billing.go:61.52,63.13 2 1
github.com/ravencloak-org/Raven/internal/handler/billing.go:63.13,70.3 2 1
github.com/ravencloak-org/Raven/internal/handler/billing.go:72.2,73.47 2 1
github.com/ravencloak-org/Raven/internal/handler/billing.go:73.47,80.3 2 1
github.com/ravencloak-org/Raven/internal/handler/billing.go:82.2,83.16 2 1
github.com/ravencloak-org/Raven/internal/handler/billing.go:83.16,87.3 3 1
github.com/ravencloak-org/Raven/internal/handler/billing.go:88.2,88.33 1 1
github.com/ravencloak-org/Raven/internal/handler/billing.go:103.54,105.13 2 1
github.com/ravencloak-org/Raven/internal/handler/billing.go:105.13,112.3 2 0
github.com/ravencloak-org/Raven/internal/handler/billing.go:114.2,115.26 2 1
github.com/ravencloak-org/Raven/internal/handler/billing.go:115.26,122.3 2 1
github.com/ravencloak-org/Raven/internal/handler/billing.go:124.2,124.102 1 1
github.com/ravencloak-org/Raven/internal/handler/billing.go:124.102,128.3 3 0
github.com/ravencloak-org/Raven/internal/handler/billing.go:129.2,129.32 1 1
github.com/ravencloak-org/Raven/internal/handler/billing.go:145.50,147.16 2 1
github.com/ravencloak-org/Raven/internal/handler/billing.go:147.16,154.3 2 0
github.com/ravencloak-org/Raven/internal/handler/billing.go:156.2,157.73 2 1
github.com/ravencloak-org/Raven/internal/handler/billing.go:157.73,161.3 3 1
github.com/ravencloak-org/Raven/internal/handler/billing.go:165.2,166.56 2 1
github.com/ravencloak-org/Raven/internal/handler/billing.go:166.56,173.3 2 1
github.com/ravencloak-org/Raven/internal/handler/billing.go:175.2,175.72 1 1
github.com/ravencloak-org/Raven/internal/handler/billing.go:175.72,179.3 3 0
github.com/ravencloak-org/Raven/internal/handler/billing.go:181.2,181.46 1 1
github.com/ravencloak-org/Raven/internal/handler/chat.go:31.52,33.2 1 1
github.com/ravencloak-org/Raven/internal/handler/chat.go:49.56,54.9 3 1
github.com/ravencloak-org/Raven/internal/handler/chat.go:54.9,56.3 1 1
github.com/ravencloak-org/Raven/internal/handler/chat.go:58.2,59.47 2 1
github.com/ravencloak-org/Raven/internal/handler/chat.go:59.47,67.3 3 1
github.com/ravencloak-org/Raven/internal/handler/chat.go:70.2,76.16 6 1
github.com/ravencloak-org/Raven/internal/handler/chat.go:76.16,81.3 3 1
github.com/ravencloak-org/Raven/internal/handler/chat.go:84.2,90.6 3 1
github.com/ravencloak-org/Raven/internal/handler/chat.go:90.6,91.10 1 1
github.com/ravencloak-org/Raven/internal/handler/chat.go:92.33,93.13 1 1
github.com/ravencloak-org/Raven/internal/handler/chat.go:93.13,95.5 1 1
github.com/ravencloak-org/Raven/internal/handler/chat.go:96.4,96.27 1 1
github.com/ravencloak-org/Raven/internal/handler/chat.go:97.21,98.10 1 0
github.com/ravencloak-org/Raven/internal/handler/chat.go:104.60,106.16 2 1
github.com/ravencloak-org/Raven/internal/handler/chat.go:106.16,108.3 1 0
github.com/ravencloak-org/Raven/internal/handler/chat.go:111.2,112.18 2 1
github.com/ravencloak-org/Raven/internal/handler/chat.go:130.50,132.9 2 1
github.com/ravencloak-org/Raven/internal/handler/chat.go:132.9,134.3 1 0
github.com/ravencloak-org/Raven/internal/handler/chat.go:136.2,141.16 5 1
github.com/ravencloak-org/Raven/internal/handler/chat.go:141.16,145.3 3 1
github.com/ravencloak-org/Raven/internal/handler/chat.go:146.2,146.29 1 1
github.com/ravencloak-org/Raven/internal/handler/chat.go:162.52,164.9 2 1
github.com/ravencloak-org/Raven/internal/handler/chat.go:164.9,166.3 1 1
github.com/ravencloak-org/Raven/internal/handler/chat.go:168.2,173.16 5 1
github.com/ravencloak-org/Raven/internal/handler/chat.go:173.16,177.3 3 0
github.com/ravencloak-org/Raven/internal/handler/chat.go:178.2,178.29 1 1
github.com/ravencloak-org/Raven/internal/handler/chat.go:193.53,195.9 2 1
github.com/ravencloak-org/Raven/internal/handler/chat.go:195.9,197.3 1 0
github.com/ravencloak-org/Raven/internal/handler/chat.go:199.2,201.83 2 1
github.com/ravencloak-org/Raven/internal/handler/chat.go:201.83,205.3 3 1
github.com/ravencloak-org/Raven/internal/handler/chat.go:206.2,206.32 1 1
github.com/ravencloak-org/Raven/internal/handler/chat.go:211.50,213.13 2 1
github.com/ravencloak-org/Raven/internal/handler/chat.go:213.13,217.3 3 1
github.com/ravencloak-org/Raven/internal/handler/chat.go:218.2,219.24 2 1
github.com/ravencloak-org/Raven/internal/handler/chat.go:219.24,223.3 3 0
github.com/ravencloak-org/Raven/internal/handler/chat.go:224.2,224.20 1 1
github.com/ravencloak-org/Raven/internal/handler/document.go:28.64,30.2 1 1
github.com/ravencloak-org/Raven/internal/handler/document.go:46.48,54.16 6 1
github.com/ravencloak-org/Raven/internal/handler/document.go:54.16,58.3 3 0
github.com/ravencloak-org/Raven/internal/handler/document.go:59.2,59.29 1 1
github.com/ravencloak-org/Raven/internal/handler/document.go:76.47,81.16 4 1
github.com/ravencloak-org/Raven/internal/handler/document.go:81.16,85.3 3 1
github.com/ravencloak-org/Raven/internal/handler/document.go:86.2,86.28 1 1
github.com/ravencloak-org/Raven/internal/handler/document.go:106.50,111.47 4 1
github.com/ravencloak-org/Raven/internal/handler/document.go:111.47,119.3 3 0
github.com/ravencloak-org/Raven/internal/handler/document.go:121.2,122.16 2 1
github.com/ravencloak-org/Raven/internal/handler/document.go:122.16,126.3 3 1
github.com/ravencloak-org/Raven/internal/handler/document.go:127.2,127.28 1 1
github.com/ravencloak-org/Raven/internal/handler/document.go:143.50,147.72 3 1
github.com/ravencloak-org/Raven/internal/handler/document.go:147.72,151.3 3 1
github.com/ravencloak-org/Raven/internal/handler/document.go:152.2,152.32 1 1
github.com/ravencloak-org/Raven/internal/handler/health.go:10.34,14.2 1 0
github.com/ravencloak-org/Raven/internal/handler/identity.go:28.64,30.2 1 0
github.com/ravencloak-org/Raven/internal/handler/identity.go:46.52,50.47 3 0
github.com/ravencloak-org/Raven/internal/handler/identity.go:50.47,57.3 2 0
github.com/ravencloak-org/Raven/internal/handler/identity.go:59.2,60.16 2 0
github.com/ravencloak-org/Raven/internal/handler/identity.go:60.16,64.3 3 0
github.com/ravencloak-org/Raven/internal/handler/identity.go:65.2,65.33 1 0
github.com/ravencloak-org/Raven/internal/handler/identity.go:82.49,86.47 3 0
github.com/ravencloak-org/Raven/internal/handler/identity.go:86.47,93.3 2 0
github.com/ravencloak-org/Raven/internal/handler/identity.go:95.2,95.69 1 0
github.com/ravencloak-org/Raven/internal/handler/identity.go:95.69,99.3 3 0
github.com/ravencloak-org/Raven/internal/handler/identity.go:100.2,100.32 1 0
github.com/ravencloak-org/Raven/internal/handler/identity.go:115.58,119.42 3 0
github.com/ravencloak-org/Raven/internal/handler/identity.go:119.42,121.37 2 0
github.com/ravencloak-org/Raven/internal/handler/identity.go:121.37,128.4 2 0
github.com/ravencloak-org/Raven/internal/handler/identity.go:129.3,129.12 1 0
github.com/ravencloak-org/Raven/internal/handler/identity.go:131.2,132.43 2 0
github.com/ravencloak-org/Raven/internal/handler/identity.go:132.43,134.26 2 0
github.com/ravencloak-org/Raven/internal/handler/identity.go:134.26,141.4 2 0
github.com/ravencloak-org/Raven/internal/handler/identity.go:142.3,142.13 1 0
github.com/ravencloak-org/Raven/internal/handler/identity.go:145.2,146.16 2 0
github.com/ravencloak-org/Raven/internal/handler/identity.go:146.16,150.3 3 0
github.com/ravencloak-org/Raven/internal/handler/identity.go:151.2,151.29 1 0
github.com/ravencloak-org/Raven/internal/handler/identity.go:164.58,168.69 3 0
github.com/ravencloak-org/Raven/internal/handler/identity.go:168.69,172.3 3 0
github.com/ravencloak-org/Raven/internal/handler/identity.go:173.2,173.32 1 0
github.com/ravencloak-org/Raven/internal/handler/kb.go:29.46,31.2 1 1
github.com/ravencloak-org/Raven/internal/handler/kb.go:48.44,52.47 4 1
github.com/ravencloak-org/Raven/internal/handler/kb.go:52.47,60.3 3 1
github.com/ravencloak-org/Raven/internal/handler/kb.go:61.2,62.16 2 1
github.com/ravencloak-org/Raven/internal/handler/kb.go:62.16,66.3 3 0
github.com/ravencloak-org/Raven/internal/handler/kb.go:67.2,67.32 1 1
github.com/ravencloak-org/Raven/internal/handler/kb.go:71.41,75.16 4 1
github.com/ravencloak-org/Raven/internal/handler/kb.go:75.16,79.3 3 1
github.com/ravencloak-org/Raven/internal/handler/kb.go:80.2,80.27 1 1
github.com/ravencloak-org/Raven/internal/handler/kb.go:94.42,98.16 4 1
github.com/ravencloak-org/Raven/internal/handler/kb.go:98.16,102.3 3 0
github.com/ravencloak-org/Raven/internal/handler/kb.go:103.2,104.28 2 1
github.com/ravencloak-org/Raven/internal/handler/kb.go:108.44,112.47 4 0
github.com/ravencloak-org/Raven/internal/handler/kb.go:112.47,120.3 3 0
github.com/ravencloak-org/Raven/internal/handler/kb.go:121.2,122.16 2 0
github.com/ravencloak-org/Raven/internal/handler/kb.go:122.16,126.3 3 0
github.com/ravencloak-org/Raven/internal/handler/kb.go:127.2,127.27 1 0
github.com/ravencloak-org/Raven/internal/handler/kb.go:143.45,146.72 3 1
github.com/ravencloak-org/Raven/internal/handler/kb.go:146.72,150.3 3 0
github.com/ravencloak-org/Raven/internal/handler/kb.go:151.2,151.32 1 1
github.com/ravencloak-org/Raven/internal/handler/lead.go:18.39,19.16 1 0
github.com/ravencloak-org/Raven/internal/handler/lead.go:19.16,20.15 1 0
github.com/ravencloak-org/Raven/internal/handler/lead.go:21.39,22.18 1 0
github.com/ravencloak-org/Raven/internal/handler/lead.go:25.2,25.10 1 0
github.com/ravencloak-org/Raven/internal/handler/lead.go:44.52,46.2 1 0
github.com/ravencloak-org/Raven/internal/handler/lead.go:61.50,64.47 3 0
github.com/ravencloak-org/Raven/internal/handler/lead.go:64.47,72.3 3 0
github.com/ravencloak-org/Raven/internal/handler/lead.go:74.2,75.16 2 0
github.com/ravencloak-org/Raven/internal/handler/lead.go:75.16,79.3 3 0
github.com/ravencloak-org/Raven/internal/handler/lead.go:80.2,80.29 1 0
github.com/ravencloak-org/Raven/internal/handler/lead.go:96.49,100.14 4 0
github.com/ravencloak-org/Raven/internal/handler/lead.go:100.14,102.3 1 0
github.com/ravencloak-org/Raven/internal/handler/lead.go:103.2,103.30 1 0
github.com/ravencloak-org/Raven/internal/handler/lead.go:103.30,105.3 1 0
github.com/ravencloak-org/Raven/internal/handler/lead.go:106.2,109.48 3 0
github.com/ravencloak-org/Raven/internal/handler/lead.go:109.48,110.59 1 0
github.com/ravencloak-org/Raven/internal/handler/lead.go:110.59,113.4 2 0
github.com/ravencloak-org/Raven/internal/handler/lead.go:116.2,117.16 2 0
github.com/ravencloak-org/Raven/internal/handler/lead.go:117.16,121.3 3 0
github.com/ravencloak-org/Raven/internal/handler/lead.go:122.2,122.29 1 0
github.com/ravencloak-org/Raven/internal/handler/lead.go:136.47,141.16 4 0
github.com/ravencloak-org/Raven/internal/handler/lead.go:141.16,145.3 3 0
github.com/ravencloak-org/Raven/internal/handler/lead.go:146.2,146.29 1 0
github.com/ravencloak-org/Raven/internal/handler/lead.go:163.50,168.47 4 0
github.com/ravencloak-org/Raven/internal/handler/lead.go:168.47,176.3 3 0
github.com/ravencloak-org/Raven/internal/handler/lead.go:178.2,179.16 2 0
github.com/ravencloak-org/Raven/internal/handler/lead.go:179.16,183.3 3 0
github.com/ravencloak-org/Raven/internal/handler/lead.go:184.2,184.29 1 0
github.com/ravencloak-org/Raven/internal/handler/lead.go:197.50,201.69 3 0
github.com/ravencloak-org/Raven/internal/handler/lead.go:201.69,205.3 3 0
github.com/ravencloak-org/Raven/internal/handler/lead.go:206.2,206.32 1 0
github.com/ravencloak-org/Raven/internal/handler/lead.go:219.54,223.16 3 0
github.com/ravencloak-org/Raven/internal/handler/lead.go:223.16,227.3 3 0
github.com/ravencloak-org/Raven/internal/handler/lead.go:229.2,239.17 4 0
github.com/ravencloak-org/Raven/internal/handler/lead.go:239.17,241.3 1 0
github.com/ravencloak-org/Raven/internal/handler/lead.go:242.2,242.23 1 0
github.com/ravencloak-org/Raven/internal/handler/lead.go:242.23,257.18 2 0
github.com/ravencloak-org/Raven/internal/handler/lead.go:257.18,259.4 1 0
github.com/ravencloak-org/Raven/internal/handler/lead.go:261.2,261.11 1 0
github.com/ravencloak-org/Raven/internal/handler/llm_provider.go:31.73,33.2 1 1
github.com/ravencloak-org/Raven/internal/handler/llm_provider.go:51.53,57.47 5 1
github.com/ravencloak-org/Raven/internal/handler/llm_provider.go:57.47,65.3 3 1
github.com/ravencloak-org/Raven/internal/handler/llm_provider.go:67.2,68.16 2 1
github.com/ravencloak-org/Raven/internal/handler/llm_provider.go:68.16,72.3 3 0
github.com/ravencloak-org/Raven/internal/handler/llm_provider.go:73.2,73.34 1 1
github.com/ravencloak-org/Raven/internal/handler/llm_provider.go:87.51,90.16 3 1
github.com/ravencloak-org/Raven/internal/handler/llm_provider.go:90.16,94.3 3 0
github.com/ravencloak-org/Raven/internal/handler/llm_provider.go:95.2,96.34 2 1
github.com/ravencloak-org/Raven/internal/handler/llm_provider.go:112.50,116.16 4 1
github.com/ravencloak-org/Raven/internal/handler/llm_provider.go:116.16,120.3 3 1
github.com/ravencloak-org/Raven/internal/handler/llm_provider.go:121.2,121.29 1 1
github.com/ravencloak-org/Raven/internal/handler/llm_provider.go:142.53,147.47 4 1
github.com/ravencloak-org/Raven/internal/handler/llm_provider.go:147.47,155.3 3 0
github.com/ravencloak-org/Raven/internal/handler/llm_provider.go:157.2,158.16 2 1
github.com/ravencloak-org/Raven/internal/handler/llm_provider.go:158.16,162.3 3 0
github.com/ravencloak-org/Raven/internal/handler/llm_provider.go:163.2,163.29 1 1
github.com/ravencloak-org/Raven/internal/handler/llm_provider.go:179.53,182.77 3 1
github.com/ravencloak-org/Raven/internal/handler/llm_provider.go:182.77,186.3 3 0
github.com/ravencloak-org/Raven/internal/handler/llm_provider.go:187.2,187.32 1 1
github.com/ravencloak-org/Raven/internal/handler/llm_provider.go:203.57,206.81 3 1
github.com/ravencloak-org/Raven/internal/handler/llm_provider.go:206.81,210.3 3 0
github.com/ravencloak-org/Raven/internal/handler/llm_provider.go:211.2,211.32 1 1
github.com/ravencloak-org/Raven/internal/handler/meta_webhook.go:44.109,45.21 1 1
github.com/ravencloak-org/Raven/internal/handler/meta_webhook.go:45.21,47.3 1 1
github.com/ravencloak-org/Raven/internal/handler/meta_webhook.go:48.2,48.23 1 1
github.com/ravencloak-org/Raven/internal/handler/meta_webhook.go:48.23,50.3 1 0
github.com/ravencloak-org/Raven/internal/handler/meta_webhook.go:51.2,55.3 1 1
github.com/ravencloak-org/Raven/internal/handler/meta_webhook.go:75.60,80.25 4 1
github.com/ravencloak-org/Raven/internal/handler/meta_webhook.go:80.25,84.3 3 1
github.com/ravencloak-org/Raven/internal/handler/meta_webhook.go:85.2,85.28 1 1
github.com/ravencloak-org/Raven/internal/handler/meta_webhook.go:85.28,89.3 3 1
github.com/ravencloak-org/Raven/internal/handler/meta_webhook.go:90.2,90.21 1 1
github.com/ravencloak-org/Raven/internal/handler/meta_webhook.go:90.21,94.3 3 1
github.com/ravencloak-org/Raven/internal/handler/meta_webhook.go:96.2,96.36 1 1
github.com/ravencloak-org/Raven/internal/handler/meta_webhook.go:118.58,121.16 2 1
github.com/ravencloak-org/Raven/internal/handler/meta_webhook.go:121.16,125.3 3 0
github.com/ravencloak-org/Raven/internal/handler/meta_webhook.go:128.2,129.55 2 1
github.com/ravencloak-org/Raven/internal/handler/meta_webhook.go:129.55,133.3 3 1
github.com/ravencloak-org/Raven/internal/handler/meta_webhook.go:136.2,137.54 2 1
github.com/ravencloak-org/Raven/internal/handler/meta_webhook.go:137.54,141.3 3 1
github.com/ravencloak-org/Raven/internal/handler/meta_webhook.go:143.2,149.38 2 1
github.com/ravencloak-org/Raven/internal/handler/meta_webhook.go:149.38,150.40 1 1
github.com/ravencloak-org/Raven/internal/handler/meta_webhook.go:150.40,152.4 1 1
github.com/ravencloak-org/Raven/internal/handler/meta_webhook.go:156.2,156.31 1 1
github.com/ravencloak-org/Raven/internal/handler/meta_webhook.go:160.95,163.42 2 1
github.com/ravencloak-org/Raven/internal/handler/meta_webhook.go:163.42,170.23 2 1
github.com/ravencloak-org/Raven/internal/handler/meta_webhook.go:170.23,175.12 2 1
github.com/ravencloak-org/Raven/internal/handler/meta_webhook.go:178.3,178.22 1 1
github.com/ravencloak-org/Raven/internal/handler/meta_webhook.go:179.18,181.121 1 1
github.com/ravencloak-org/Raven/internal/handler/meta_webhook.go:181.121,186.5 1 0
github.com/ravencloak-org/Raven/internal/handler/meta_webhook.go:187.19,189.88 1 1
github.com/ravencloak-org/Raven/internal/handler/meta_webhook.go:189.88,194.5 1 0
github.com/ravencloak-org/Raven/internal/handler/meta_webhook.go:195.16,197.84 1 1
github.com/ravencloak-org/Raven/internal/handler/meta_webhook.go:197.84,202.5 1 0
github.com/ravencloak-org/Raven/internal/handler/meta_webhook.go:203.11,207.5 1 1
github.com/ravencloak-org/Raven/internal/handler/meta_webhook.go:215.64,216.21 1 1
github.com/ravencloak-org/Raven/internal/handler/meta_webhook.go:216.21,219.3 2 1
github.com/ravencloak-org/Raven/internal/handler/meta_webhook.go:221.2,222.43 2 1
github.com/ravencloak-org/Raven/internal/handler/meta_webhook.go:222.43,224.3 1 1
github.com/ravencloak-org/Raven/internal/handler/meta_webhook.go:226.2,230.56 4 1
github.com/ravencloak-org/Raven/internal/handler/meta_webhook.go:234.46,236.2 1 1
github.com/ravencloak-org/Raven/internal/handler/notification.go:30.76,32.2 1 0
github.com/ravencloak-org/Raven/internal/handler/notification.go:36.68,38.43 2 0
github.com/ravencloak-org/Raven/internal/handler/notification.go:38.43,45.3 2 0
github.com/ravencloak-org/Raven/internal/handler/notification.go:46.2,46.18 1 0
github.com/ravencloak-org/Raven/internal/handler/notification.go:62.60,64.9 2 0
github.com/ravencloak-org/Raven/internal/handler/notification.go:64.9,66.3 1 0
github.com/ravencloak-org/Raven/internal/handler/notification.go:68.2,69.47 2 0
github.com/ravencloak-org/Raven/internal/handler/notification.go:69.47,76.3 2 0
github.com/ravencloak-org/Raven/internal/handler/notification.go:78.2,79.16 2 0
github.com/ravencloak-org/Raven/internal/handler/notification.go:79.16,83.3 3 0
github.com/ravencloak-org/Raven/internal/handler/notification.go:84.2,84.33 1 0
github.com/ravencloak-org/Raven/internal/handler/notification.go:97.59,99.9 2 0
github.com/ravencloak-org/Raven/internal/handler/notification.go:99.9,101.3 1 0
github.com/ravencloak-org/Raven/internal/handler/notification.go:103.2,104.16 2 0
github.com/ravencloak-org/Raven/internal/handler/notification.go:104.16,108.3 3 0
github.com/ravencloak-org/Raven/internal/handler/notification.go:109.2,109.32 1 0
github.com/ravencloak-org/Raven/internal/handler/notification.go:126.60,128.9 2 0
github.com/ravencloak-org/Raven/internal/handler/notification.go:128.9,130.3 1 0
github.com/ravencloak-org/Raven/internal/handler/notification.go:131.2,132.9 2 0
github.com/ravencloak-org/Raven/internal/handler/notification.go:132.9,134.3 1 0
github.com/ravencloak-org/Raven/internal/handler/notification.go:136.2,137.47 2 0
github.com/ravencloak-org/Raven/internal/handler/notification.go:137.47,144.3 2 0
github.com/ravencloak-org/Raven/internal/handler/notification.go:146.2,147.16 2 0
github.com/ravencloak-org/Raven/internal/handler/notification.go:147.16,151.3 3 0
github.com/ravencloak-org/Raven/internal/handler/notification.go:152.2,152.28 1 0
github.com/ravencloak-org/Raven/internal/handler/notification.go:165.60,167.9 2 0
github.com/ravencloak-org/Raven/internal/handler/notification.go:167.9,169.3 1 0
github.com/ravencloak-org/Raven/internal/handler/notification.go:170.2,171.9 2 0
github.com/ravencloak-org/Raven/internal/handler/notification.go:171.9,173.3 1 0
github.com/ravencloak-org/Raven/internal/handler/notification.go:175.2,175.75 1 0
github.com/ravencloak-org/Raven/internal/handler/notification.go:175.75,179.3 3 0
github.com/ravencloak-org/Raven/internal/handler/notification.go:180.2,180.32 1 0
github.com/ravencloak-org/Raven/internal/handler/notification.go:193.56,195.9 2 0
github.com/ravencloak-org/Raven/internal/handler/notification.go:195.9,197.3 1 0
github.com/ravencloak-org/Raven/internal/handler/notification.go:199.2,200.16 2 0
github.com/ravencloak-org/Raven/internal/handler/notification.go:200.16,204.3 3 0
github.com/ravencloak-org/Raven/internal/handler/notification.go:205.2,205.29 1 0
github.com/ravencloak-org/Raven/internal/handler/org.go:27.49,29.2 1 1
github.com/ravencloak-org/Raven/internal/handler/org.go:44.45,46.47 2 1
github.com/ravencloak-org/Raven/internal/handler/org.go:46.47,53.3 2 1
github.com/ravencloak-org/Raven/internal/handler/org.go:54.2,55.16 2 1
github.com/ravencloak-org/Raven/internal/handler/org.go:55.16,59.3 3 0
github.com/ravencloak-org/Raven/internal/handler/org.go:60.2,60.33 1 1
github.com/ravencloak-org/Raven/internal/handler/org.go:74.42,77.16 3 1
github.com/ravencloak-org/Raven/internal/handler/org.go:77.16,81.3 3 1
github.com/ravencloak-org/Raven/internal/handler/org.go:82.2,82.28 1 1
github.com/ravencloak-org/Raven/internal/handler/org.go:99.45,103.55 4 0
github.com/ravencloak-org/Raven/internal/handler/org.go:103.55,110.3 2 0
github.com/ravencloak-org/Raven/internal/handler/org.go:112.2,113.47 2 0
github.com/ravencloak-org/Raven/internal/handler/org.go:113.47,120.3 2 0
github.com/ravencloak-org/Raven/internal/handler/org.go:121.2,122.16 2 0
github.com/ravencloak-org/Raven/internal/handler/org.go:122.16,126.3 3 0
github.com/ravencloak-org/Raven/internal/handler/org.go:127.2,127.28 1 0
github.com/ravencloak-org/Raven/internal/handler/org.go:140.45,142.65 2 1
github.com/ravencloak-org/Raven/internal/handler/org.go:142.65,146.3 3 0
github.com/ravencloak-org/Raven/internal/handler/org.go:147.2,147.32 1 1
github.com/ravencloak-org/Raven/internal/handler/ping.go:10.27,15.2 1 0
github.com/ravencloak-org/Raven/internal/handler/processing.go:24.85,26.2 1 1
github.com/ravencloak-org/Raven/internal/handler/processing.go:48.61,53.16 4 1
github.com/ravencloak-org/Raven/internal/handler/processing.go:53.16,57.3 3 1
github.com/ravencloak-org/Raven/internal/handler/processing.go:58.2,58.29 1 1
github.com/ravencloak-org/Raven/internal/handler/processing.go:78.61,83.47 4 1
github.com/ravencloak-org/Raven/internal/handler/processing.go:83.47,91.3 3 1
github.com/ravencloak-org/Raven/internal/handler/processing.go:93.2,94.16 2 1
github.com/ravencloak-org/Raven/internal/handler/processing.go:94.16,98.3 3 1
github.com/ravencloak-org/Raven/internal/handler/processing.go:99.2,99.33 1 1
github.com/ravencloak-org/Raven/internal/handler/routing.go:33.61,35.2 1 1
github.com/ravencloak-org/Raven/internal/handler/routing.go:53.49,56.47 3 1
github.com/ravencloak-org/Raven/internal/handler/routing.go:56.47,64.3 3 1
github.com/ravencloak-org/Raven/internal/handler/routing.go:65.2,68.16 4 1
github.com/ravencloak-org/Raven/internal/handler/routing.go:68.16,72.3 3 1
github.com/ravencloak-org/Raven/internal/handler/routing.go:73.2,73.34 1 1
github.com/ravencloak-org/Raven/internal/handler/routing.go:89.47,95.16 5 1
github.com/ravencloak-org/Raven/internal/handler/routing.go:95.16,99.3 3 0
github.com/ravencloak-org/Raven/internal/handler/routing.go:100.2,100.29 1 1
github.com/ravencloak-org/Raven/internal/handler/routing.go:116.46,120.16 4 1
github.com/ravencloak-org/Raven/internal/handler/routing.go:120.16,124.3 3 1
github.com/ravencloak-org/Raven/internal/handler/routing.go:125.2,125.29 1 1
github.com/ravencloak-org/Raven/internal/handler/routing.go:146.49,150.47 4 1
github.com/ravencloak-org/Raven/internal/handler/routing.go:150.47,158.3 3 0
github.com/ravencloak-org/Raven/internal/handler/routing.go:159.2,160.16 2 1
github.com/ravencloak-org/Raven/internal/handler/routing.go:160.16,164.3 3 1
github.com/ravencloak-org/Raven/internal/handler/routing.go:165.2,165.29 1 1
github.com/ravencloak-org/Raven/internal/handler/routing.go:181.49,184.73 3 1
github.com/ravencloak-org/Raven/internal/handler/routing.go:184.73,188.3 3 1
github.com/ravencloak-org/Raven/internal/handler/routing.go:189.2,189.32 1 1
github.com/ravencloak-org/Raven/internal/handler/routing.go:208.50,211.47 3 1
github.com/ravencloak-org/Raven/internal/handler/routing.go:211.47,219.3 3 1
github.com/ravencloak-org/Raven/internal/handler/routing.go:220.2,221.16 2 1
github.com/ravencloak-org/Raven/internal/handler/routing.go:221.16,225.3 3 1
github.com/ravencloak-org/Raven/internal/handler/routing.go:226.2,226.29 1 1
github.com/ravencloak-org/Raven/internal/handler/routing.go:241.54,245.16 4 1
github.com/ravencloak-org/Raven/internal/handler/routing.go:245.16,249.3 3 0
github.com/ravencloak-org/Raven/internal/handler/routing.go:250.2,251.30 2 1
github.com/ravencloak-org/Raven/internal/handler/search.go:25.58,27.2 1 1
github.com/ravencloak-org/Raven/internal/handler/search.go:47.48,52.17 4 1
github.com/ravencloak-org/Raven/internal/handler/search.go:52.17,60.3 3 1
github.com/ravencloak-org/Raven/internal/handler/search.go:62.2,63.50 2 1
github.com/ravencloak-org/Raven/internal/handler/search.go:63.50,65.31 2 1
github.com/ravencloak-org/Raven/internal/handler/search.go:65.31,73.4 3 1
github.com/ravencloak-org/Raven/internal/handler/search.go:74.3,74.17 1 1
github.com/ravencloak-org/Raven/internal/handler/search.go:77.2,83.21 3 1
github.com/ravencloak-org/Raven/internal/handler/search.go:83.21,85.3 1 1
github.com/ravencloak-org/Raven/internal/handler/search.go:85.8,87.3 1 1
github.com/ravencloak-org/Raven/internal/handler/search.go:88.2,88.16 1 1
github.com/ravencloak-org/Raven/internal/handler/search.go:88.16,92.3 3 1
github.com/ravencloak-org/Raven/internal/handler/search.go:93.2,93.29 1 1
github.com/ravencloak-org/Raven/internal/handler/security.go:31.64,33.2 1 1
github.com/ravencloak-org/Raven/internal/handler/security.go:49.54,52.13 3 1
github.com/ravencloak-org/Raven/internal/handler/security.go:52.13,56.3 3 0
github.com/ravencloak-org/Raven/internal/handler/security.go:57.2,60.47 3 1
github.com/ravencloak-org/Raven/internal/handler/security.go:60.47,67.3 2 1
github.com/ravencloak-org/Raven/internal/handler/security.go:69.2,70.16 2 1
github.com/ravencloak-org/Raven/internal/handler/security.go:70.16,74.3 3 1
github.com/ravencloak-org/Raven/internal/handler/security.go:75.2,75.34 1 1
github.com/ravencloak-org/Raven/internal/handler/security.go:88.53,92.16 3 1
github.com/ravencloak-org/Raven/internal/handler/security.go:92.16,96.3 3 0
github.com/ravencloak-org/Raven/internal/handler/security.go:97.2,97.18 1 1
github.com/ravencloak-org/Raven/internal/handler/security.go:97.18,99.3 1 1
github.com/ravencloak-org/Raven/internal/handler/security.go:100.2,100.30 1 1
github.com/ravencloak-org/Raven/internal/handler/security.go:114.51,119.16 4 1
github.com/ravencloak-org/Raven/internal/handler/security.go:119.16,123.3 3 1
github.com/ravencloak-org/Raven/internal/handler/security.go:124.2,124.29 1 1
github.com/ravencloak-org/Raven/internal/handler/security.go:141.54,146.47 4 1
github.com/ravencloak-org/Raven/internal/handler/security.go:146.47,153.3 2 0
github.com/ravencloak-org/Raven/internal/handler/security.go:155.2,156.16 2 1
github.com/ravencloak-org/Raven/internal/handler/security.go:156.16,160.3 3 0
github.com/ravencloak-org/Raven/internal/handler/security.go:161.2,161.29 1 1
github.com/ravencloak-org/Raven/internal/handler/security.go:174.54,178.73 3 1
github.com/ravencloak-org/Raven/internal/handler/security.go:178.73,182.3 3 1
github.com/ravencloak-org/Raven/internal/handler/security.go:183.2,183.32 1 1
github.com/ravencloak-org/Raven/internal/handler/security.go:198.54,204.16 5 1
github.com/ravencloak-org/Raven/internal/handler/security.go:204.16,208.3 3 0
github.com/ravencloak-org/Raven/internal/handler/security.go:209.2,209.29 1 1
github.com/ravencloak-org/Raven/internal/handler/security.go:220.63,224.2 3 1
github.com/ravencloak-org/Raven/internal/handler/semantic_cache.go:25.84,27.2 1 0
github.com/ravencloak-org/Raven/internal/handler/semantic_cache.go:42.66,46.45 3 0
github.com/ravencloak-org/Raven/internal/handler/semantic_cache.go:46.45,50.3 3 0
github.com/ravencloak-org/Raven/internal/handler/semantic_cache.go:51.2,51.44 1 0
github.com/ravencloak-org/Raven/internal/handler/semantic_cache.go:51.44,55.3 3 0
github.com/ravencloak-org/Raven/internal/handler/semantic_cache.go:57.2,58.16 2 0
github.com/ravencloak-org/Raven/internal/handler/semantic_cache.go:58.16,64.3 4 0
github.com/ravencloak-org/Raven/internal/handler/semantic_cache.go:66.2,66.50 1 0
github.com/ravencloak-org/Raven/internal/handler/semantic_cache.go:83.62,87.45 3 0
github.com/ravencloak-org/Raven/internal/handler/semantic_cache.go:87.45,91.3 3 0
github.com/ravencloak-org/Raven/internal/handler/semantic_cache.go:92.2,92.44 1 0
github.com/ravencloak-org/Raven/internal/handler/semantic_cache.go:92.44,96.3 3 0
github.com/ravencloak-org/Raven/internal/handler/semantic_cache.go:98.2,99.16 2 0
github.com/ravencloak-org/Raven/internal/handler/semantic_cache.go:99.16,105.3 4 0
github.com/ravencloak-org/Raven/internal/handler/semantic_cache.go:107.2,110.4 1 0
github.com/ravencloak-org/Raven/internal/handler/source.go:29.58,31.2 1 1
github.com/ravencloak-org/Raven/internal/handler/source.go:50.48,54.47 4 1
github.com/ravencloak-org/Raven/internal/handler/source.go:54.47,62.3 3 1
github.com/ravencloak-org/Raven/internal/handler/source.go:63.2,66.16 4 1
github.com/ravencloak-org/Raven/internal/handler/source.go:66.16,70.3 3 1
github.com/ravencloak-org/Raven/internal/handler/source.go:71.2,71.33 1 1
github.com/ravencloak-org/Raven/internal/handler/source.go:88.45,92.16 4 1
github.com/ravencloak-org/Raven/internal/handler/source.go:92.16,96.3 3 1
github.com/ravencloak-org/Raven/internal/handler/source.go:97.2,97.28 1 1
github.com/ravencloak-org/Raven/internal/handler/source.go:114.46,121.16 6 1
github.com/ravencloak-org/Raven/internal/handler/source.go:121.16,125.3 3 0
github.com/ravencloak-org/Raven/internal/handler/source.go:126.2,126.29 1 1
github.com/ravencloak-org/Raven/internal/handler/source.go:146.48,150.47 4 1
github.com/ravencloak-org/Raven/internal/handler/source.go:150.47,158.3 3 0
github.com/ravencloak-org/Raven/internal/handler/source.go:159.2,160.16 2 1
github.com/ravencloak-org/Raven/internal/handler/source.go:160.16,164.3 3 1
github.com/ravencloak-org/Raven/internal/handler/source.go:165.2,165.28 1 1
github.com/ravencloak-org/Raven/internal/handler/source.go:182.48,185.75 3 1
github.com/ravencloak-org/Raven/internal/handler/source.go:185.75,189.3 3 1
github.com/ravencloak-org/Raven/internal/handler/source.go:190.2,190.32 1 1
github.com/ravencloak-org/Raven/internal/handler/stranger.go:37.64,39.2 1 0
github.com/ravencloak-org/Raven/internal/handler/stranger.go:54.48,57.17 3 0
github.com/ravencloak-org/Raven/internal/handler/stranger.go:57.17,60.3 2 0
github.com/ravencloak-org/Raven/internal/handler/stranger.go:61.2,65.37 4 0
github.com/ravencloak-org/Raven/internal/handler/stranger.go:65.37,67.13 2 0
github.com/ravencloak-org/Raven/internal/handler/stranger.go:69.60,70.16 1 0
github.com/ravencloak-org/Raven/internal/handler/stranger.go:71.11,77.10 2 0
github.com/ravencloak-org/Raven/internal/handler/stranger.go:81.2,82.16 2 0
github.com/ravencloak-org/Raven/internal/handler/stranger.go:82.16,86.3 3 0
github.com/ravencloak-org/Raven/internal/handler/stranger.go:87.2,87.81 1 0
github.com/ravencloak-org/Raven/internal/handler/stranger.go:101.47,104.17 3 0
github.com/ravencloak-org/Raven/internal/handler/stranger.go:104.17,107.3 2 0
github.com/ravencloak-org/Raven/internal/handler/stranger.go:108.2,111.16 3 0
github.com/ravencloak-org/Raven/internal/handler/stranger.go:111.16,115.3 3 0
github.com/ravencloak-org/Raven/internal/handler/stranger.go:116.2,116.26 1 0
github.com/ravencloak-org/Raven/internal/handler/stranger.go:133.49,136.17 3 0
github.com/ravencloak-org/Raven/internal/handler/stranger.go:136.17,139.3 2 0
github.com/ravencloak-org/Raven/internal/handler/stranger.go:140.2,143.13 3 0
github.com/ravencloak-org/Raven/internal/handler/stranger.go:143.13,147.3 3 0
github.com/ravencloak-org/Raven/internal/handler/stranger.go:148.2,151.47 3 0
github.com/ravencloak-org/Raven/internal/handler/stranger.go:151.47,158.3 2 0
github.com/ravencloak-org/Raven/internal/handler/stranger.go:159.2,159.20 1 0
github.com/ravencloak-org/Raven/internal/handler/stranger.go:160.94,160.94 0 0
github.com/ravencloak-org/Raven/internal/handler/stranger.go:162.10,168.9 2 0
github.com/ravencloak-org/Raven/internal/handler/stranger.go:171.2,171.81 1 0
github.com/ravencloak-org/Raven/internal/handler/stranger.go:171.81,175.3 3 0
github.com/ravencloak-org/Raven/internal/handler/stranger.go:176.2,176.32 1 0
github.com/ravencloak-org/Raven/internal/handler/stranger.go:189.51,192.17 3 0
github.com/ravencloak-org/Raven/internal/handler/stranger.go:192.17,195.3 2 0
github.com/ravencloak-org/Raven/internal/handler/stranger.go:196.2,198.70 2 0
github.com/ravencloak-org/Raven/internal/handler/stranger.go:198.70,202.3 3 0
github.com/ravencloak-org/Raven/internal/handler/stranger.go:203.2,203.32 1 0
github.com/ravencloak-org/Raven/internal/handler/stranger.go:219.56,222.17 3 0
github.com/ravencloak-org/Raven/internal/handler/stranger.go:222.17,225.3 2 0
github.com/ravencloak-org/Raven/internal/handler/stranger.go:226.2,229.47 3 0
github.com/ravencloak-org/Raven/internal/handler/stranger.go:229.47,236.3 2 0
github.com/ravencloak-org/Raven/internal/handler/stranger.go:237.2,237.37 1 0
github.com/ravencloak-org/Raven/internal/handler/stranger.go:237.37,244.3 2 0
github.com/ravencloak-org/Raven/internal/handler/stranger.go:246.2,246.84 1 0
github.com/ravencloak-org/Raven/internal/handler/stranger.go:246.84,250.3 3 0
github.com/ravencloak-org/Raven/internal/handler/stranger.go:251.2,251.32 1 0
github.com/ravencloak-org/Raven/internal/handler/stranger.go:264.50,267.17 3 0
github.com/ravencloak-org/Raven/internal/handler/stranger.go:267.17,270.3 2 0
github.com/ravencloak-org/Raven/internal/handler/stranger.go:271.2,273.69 2 0
github.com/ravencloak-org/Raven/internal/handler/stranger.go:273.69,277.3 3 0
github.com/ravencloak-org/Raven/internal/handler/stranger.go:278.2,278.32 1 0
github.com/ravencloak-org/Raven/internal/handler/tts.go:26.49,28.2 1 0
github.com/ravencloak-org/Raven/internal/handler/tts.go:53.49,55.9 2 0
github.com/ravencloak-org/Raven/internal/handler/tts.go:55.9,57.3 1 0
github.com/ravencloak-org/Raven/internal/handler/tts.go:59.2,60.47 2 0
github.com/ravencloak-org/Raven/internal/handler/tts.go:60.47,68.3 3 0
github.com/ravencloak-org/Raven/internal/handler/tts.go:70.2,71.20 2 0
github.com/ravencloak-org/Raven/internal/handler/tts.go:72.13,73.30 1 0
github.com/ravencloak-org/Raven/internal/handler/tts.go:74.14,75.31 1 0
github.com/ravencloak-org/Raven/internal/handler/tts.go:76.17,77.30 1 0
github.com/ravencloak-org/Raven/internal/handler/tts.go:78.10,81.9 3 0
github.com/ravencloak-org/Raven/internal/handler/tts.go:84.2,92.16 3 0
github.com/ravencloak-org/Raven/internal/handler/tts.go:92.16,96.3 3 0
github.com/ravencloak-org/Raven/internal/handler/tts.go:97.2,97.15 1 0
github.com/ravencloak-org/Raven/internal/handler/tts.go:97.15,99.3 1 0
github.com/ravencloak-org/Raven/internal/handler/tts.go:101.2,106.49 5 0
github.com/ravencloak-org/Raven/internal/handler/tts.go:106.49,110.3 1 0
github.com/ravencloak-org/Raven/internal/handler/tts.go:114.51,115.11 1 0
github.com/ravencloak-org/Raven/internal/handler/tts.go:116.26,117.21 1 0
github.com/ravencloak-org/Raven/internal/handler/tts.go:118.27,119.21 1 0
github.com/ravencloak-org/Raven/internal/handler/tts.go:120.26,121.22 1 0
github.com/ravencloak-org/Raven/internal/handler/tts.go:122.10,123.22 1 0
github.com/ravencloak-org/Raven/internal/handler/upload.go:26.58,28.2 1 1
github.com/ravencloak-org/Raven/internal/handler/upload.go:48.48,56.16 6 1
github.com/ravencloak-org/Raven/internal/handler/upload.go:56.16,64.3 3 1
github.com/ravencloak-org/Raven/internal/handler/upload.go:65.2,65.15 1 1
github.com/ravencloak-org/Raven/internal/handler/upload.go:65.15,65.35 1 1
github.com/ravencloak-org/Raven/internal/handler/upload.go:69.2,71.41 3 1
github.com/ravencloak-org/Raven/internal/handler/upload.go:71.41,75.3 3 0
github.com/ravencloak-org/Raven/internal/handler/upload.go:76.2,99.16 6 1
github.com/ravencloak-org/Raven/internal/handler/upload.go:99.16,103.3 3 1
github.com/ravencloak-org/Raven/internal/handler/upload.go:105.2,118.34 2 1
github.com/ravencloak-org/Raven/internal/handler/upload.go:127.37,129.2 1 1
github.com/ravencloak-org/Raven/internal/handler/upload.go:131.57,132.26 1 0
github.com/ravencloak-org/Raven/internal/handler/upload.go:132.26,134.3 1 0
github.com/ravencloak-org/Raven/internal/handler/upload.go:135.2,137.15 3 0
github.com/ravencloak-org/Raven/internal/handler/upload.go:142.58,146.28 1 1
github.com/ravencloak-org/Raven/internal/handler/upload.go:146.28,148.3 1 0
github.com/ravencloak-org/Raven/internal/handler/upload.go:151.2,152.9 2 1
github.com/ravencloak-org/Raven/internal/handler/upload.go:153.62,154.25 1 1
github.com/ravencloak-org/Raven/internal/handler/upload.go:155.59,156.21 1 0
github.com/ravencloak-org/Raven/internal/handler/upload.go:157.32,158.20 1 0
github.com/ravencloak-org/Raven/internal/handler/upload.go:159.32,160.22 1 0
github.com/ravencloak-org/Raven/internal/handler/upload.go:161.32,162.27 1 1
github.com/ravencloak-org/Raven/internal/handler/upload.go:163.33,164.83 1 0
github.com/ravencloak-org/Raven/internal/handler/upload.go:165.33,166.85 1 0
github.com/ravencloak-org/Raven/internal/handler/upload.go:168.2,168.17 1 1
github.com/ravencloak-org/Raven/internal/handler/upload.go:171.40,173.27 2 1
github.com/ravencloak-org/Raven/internal/handler/upload.go:173.27,175.27 2 1
github.com/ravencloak-org/Raven/internal/handler/upload.go:175.27,177.4 1 0
github.com/ravencloak-org/Raven/internal/handler/upload.go:178.3,178.16 1 1
github.com/ravencloak-org/Raven/internal/handler/upload.go:180.2,180.23 1 1
github.com/ravencloak-org/Raven/internal/handler/upload.go:183.39,185.2 1 1
github.com/ravencloak-org/Raven/internal/handler/user.go:28.52,30.2 1 1
github.com/ravencloak-org/Raven/internal/handler/user.go:42.45,45.18 3 1
github.com/ravencloak-org/Raven/internal/handler/user.go:45.18,49.3 3 0
github.com/ravencloak-org/Raven/internal/handler/user.go:50.2,51.16 2 1
github.com/ravencloak-org/Raven/internal/handler/user.go:51.16,55.3 3 1
github.com/ravencloak-org/Raven/internal/handler/user.go:56.2,56.29 1 1
github.com/ravencloak-org/Raven/internal/handler/user.go:71.48,76.47 4 1
github.com/ravencloak-org/Raven/internal/handler/user.go:76.47,84.3 3 0
github.com/ravencloak-org/Raven/internal/handler/user.go:85.2,86.16 2 1
github.com/ravencloak-org/Raven/internal/handler/user.go:86.16,90.3 3 0
github.com/ravencloak-org/Raven/internal/handler/user.go:91.2,91.29 1 1
github.com/ravencloak-org/Raven/internal/handler/user.go:102.48,105.71 3 1
github.com/ravencloak-org/Raven/internal/handler/user.go:105.71,109.3 3 0
github.com/ravencloak-org/Raven/internal/handler/user.go:110.2,110.32 1 1
github.com/ravencloak-org/Raven/internal/handler/user.go:124.47,127.16 3 0
github.com/ravencloak-org/Raven/internal/handler/user.go:127.16,131.3 3 0
github.com/ravencloak-org/Raven/internal/handler/user.go:132.2,132.29 1 0
github.com/ravencloak-org/Raven/internal/handler/user.go:142.55,144.49 2 1
github.com/ravencloak-org/Raven/internal/handler/user.go:144.49,152.3 3 1
github.com/ravencloak-org/Raven/internal/handler/user.go:153.2,153.78 1 1
github.com/ravencloak-org/Raven/internal/handler/user.go:153.78,157.3 3 0
github.com/ravencloak-org/Raven/internal/handler/user.go:158.2,158.32 1 1
github.com/ravencloak-org/Raven/internal/handler/voice.go:35.55,37.2 1 1
github.com/ravencloak-org/Raven/internal/handler/voice.go:54.54,56.9 2 1
github.com/ravencloak-org/Raven/internal/handler/voice.go:56.9,58.3 1 1
github.com/ravencloak-org/Raven/internal/handler/voice.go:60.2,61.47 2 1
github.com/ravencloak-org/Raven/internal/handler/voice.go:61.47,63.30 1 0
github.com/ravencloak-org/Raven/internal/handler/voice.go:63.30,71.4 3 0
github.com/ravencloak-org/Raven/internal/handler/voice.go:74.2,75.16 2 1
github.com/ravencloak-org/Raven/internal/handler/voice.go:75.16,79.3 3 1
github.com/ravencloak-org/Raven/internal/handler/voice.go:80.2,80.37 1 1
github.com/ravencloak-org/Raven/internal/handler/voice.go:95.51,97.9 2 1
github.com/ravencloak-org/Raven/internal/handler/voice.go:97.9,99.3 1 0
github.com/ravencloak-org/Raven/internal/handler/voice.go:101.2,103.16 3 1
github.com/ravencloak-org/Raven/internal/handler/voice.go:103.16,107.3 3 1
github.com/ravencloak-org/Raven/internal/handler/voice.go:108.2,108.32 1 1
github.com/ravencloak-org/Raven/internal/handler/voice.go:126.59,128.9 2 1
github.com/ravencloak-org/Raven/internal/handler/voice.go:128.9,130.3 1 0
github.com/ravencloak-org/Raven/internal/handler/voice.go:132.2,135.47 3 1
github.com/ravencloak-org/Raven/internal/handler/voice.go:135.47,143.3 3 1
github.com/ravencloak-org/Raven/internal/handler/voice.go:145.2,146.16 2 1
github.com/ravencloak-org/Raven/internal/handler/voice.go:146.16,150.3 3 1
github.com/ravencloak-org/Raven/internal/handler/voice.go:151.2,151.32 1 1
github.com/ravencloak-org/Raven/internal/handler/voice.go:167.53,169.9 2 1
github.com/ravencloak-org/Raven/internal/handler/voice.go:169.9,171.3 1 0
github.com/ravencloak-org/Raven/internal/handler/voice.go:173.2,177.16 4 1
github.com/ravencloak-org/Raven/internal/handler/voice.go:177.16,181.3 3 0
github.com/ravencloak-org/Raven/internal/handler/voice.go:182.2,182.29 1 1
github.com/ravencloak-org/Raven/internal/handler/voice.go:199.54,201.9 2 0
github.com/ravencloak-org/Raven/internal/handler/voice.go:201.9,203.3 1 0
github.com/ravencloak-org/Raven/internal/handler/voice.go:205.2,210.13 3 0
github.com/ravencloak-org/Raven/internal/handler/voice.go:210.13,215.3 4 0
github.com/ravencloak-org/Raven/internal/handler/voice.go:216.2,217.27 2 0
github.com/ravencloak-org/Raven/internal/handler/voice.go:217.27,222.3 4 0
github.com/ravencloak-org/Raven/internal/handler/voice.go:224.2,225.16 2 0
github.com/ravencloak-org/Raven/internal/handler/voice.go:225.16,229.3 3 0
github.com/ravencloak-org/Raven/internal/handler/voice.go:230.2,230.29 1 0
github.com/ravencloak-org/Raven/internal/handler/voice.go:248.51,250.9 2 1
github.com/ravencloak-org/Raven/internal/handler/voice.go:250.9,252.3 1 0
github.com/ravencloak-org/Raven/internal/handler/voice.go:254.2,257.47 3 1
github.com/ravencloak-org/Raven/internal/handler/voice.go:257.47,265.3 3 1
github.com/ravencloak-org/Raven/internal/handler/voice.go:267.2,268.16 2 1
github.com/ravencloak-org/Raven/internal/handler/voice.go:268.16,272.3 3 1
github.com/ravencloak-org/Raven/internal/handler/voice.go:273.2,273.34 1 1
github.com/ravencloak-org/Raven/internal/handler/voice.go:288.50,290.9 2 1
github.com/ravencloak-org/Raven/internal/handler/voice.go:290.9,292.3 1 1
github.com/ravencloak-org/Raven/internal/handler/voice.go:294.2,297.16 3 1
github.com/ravencloak-org/Raven/internal/handler/voice.go:297.16,301.3 3 1
github.com/ravencloak-org/Raven/internal/handler/voice.go:302.2,302.29 1 1
github.com/ravencloak-org/Raven/internal/handler/webhook.go:34.41,35.41 1 0
github.com/ravencloak-org/Raven/internal/handler/webhook.go:35.41,37.3 1 0
github.com/ravencloak-org/Raven/internal/handler/webhook.go:38.2,38.12 1 0
github.com/ravencloak-org/Raven/internal/handler/webhook.go:42.44,43.27 1 0
github.com/ravencloak-org/Raven/internal/handler/webhook.go:43.27,44.46 1 0
github.com/ravencloak-org/Raven/internal/handler/webhook.go:44.46,46.4 1 0
github.com/ravencloak-org/Raven/internal/handler/webhook.go:48.2,48.12 1 0
github.com/ravencloak-org/Raven/internal/handler/webhook.go:52.39,53.52 1 0
github.com/ravencloak-org/Raven/internal/handler/webhook.go:53.52,55.3 1 0
github.com/ravencloak-org/Raven/internal/handler/webhook.go:56.2,56.12 1 0
github.com/ravencloak-org/Raven/internal/handler/webhook.go:60.51,61.14 1 0
github.com/ravencloak-org/Raven/internal/handler/webhook.go:61.14,63.3 1 0
github.com/ravencloak-org/Raven/internal/handler/webhook.go:64.2,64.48 1 0
github.com/ravencloak-org/Raven/internal/handler/webhook.go:64.48,66.3 1 0
github.com/ravencloak-org/Raven/internal/handler/webhook.go:67.2,67.12 1 0
github.com/ravencloak-org/Raven/internal/handler/webhook.go:86.61,88.2 1 0
github.com/ravencloak-org/Raven/internal/handler/webhook.go:103.49,105.54 2 0
github.com/ravencloak-org/Raven/internal/handler/webhook.go:105.54,109.3 3 0
github.com/ravencloak-org/Raven/internal/handler/webhook.go:111.2,112.13 2 0
github.com/ravencloak-org/Raven/internal/handler/webhook.go:112.13,116.3 3 0
github.com/ravencloak-org/Raven/internal/handler/webhook.go:117.2,120.47 3 0
github.com/ravencloak-org/Raven/internal/handler/webhook.go:120.47,127.3 2 0
github.com/ravencloak-org/Raven/internal/handler/webhook.go:129.2,129.51 1 0
github.com/ravencloak-org/Raven/internal/handler/webhook.go:129.51,133.3 3 0
github.com/ravencloak-org/Raven/internal/handler/webhook.go:134.2,134.59 1 0
github.com/ravencloak-org/Raven/internal/handler/webhook.go:134.59,138.3 3 0
github.com/ravencloak-org/Raven/internal/handler/webhook.go:140.2,141.16 2 0
github.com/ravencloak-org/Raven/internal/handler/webhook.go:141.16,145.3 3 0
github.com/ravencloak-org/Raven/internal/handler/webhook.go:146.2,146.34 1 0
github.com/ravencloak-org/Raven/internal/handler/webhook.go:159.47,161.54 2 0
github.com/ravencloak-org/Raven/internal/handler/webhook.go:161.54,165.3 3 0
github.com/ravencloak-org/Raven/internal/handler/webhook.go:167.2,168.16 2 0
[...]
github.com/ravencloak-org/Raven/internal/service/whatsapp.go:282.2,284.38 2 0
github.com/ravencloak-org/Raven/internal/service/whatsapp.go:288.36,289.16 1 0
github.com/ravencloak-org/Raven/internal/service/whatsapp.go:289.16,291.3 1 0
github.com/ravencloak-org/Raven/internal/service/whatsapp.go:292.2,293.53 1 0
github.com/ravencloak-org/Raven/internal/service/whatsapp_bridge.go:53.26,61.2 1 1
github.com/ravencloak-org/Raven/internal/service/whatsapp_bridge.go:74.158,75.16 1 1
github.com/ravencloak-org/Raven/internal/service/whatsapp_bridge.go:75.16,77.3 1 1
github.com/ravencloak-org/Raven/internal/service/whatsapp_bridge.go:78.2,78.24 1 1
github.com/ravencloak-org/Raven/internal/service/whatsapp_bridge.go:78.24,80.3 1 1
github.com/ravencloak-org/Raven/internal/service/whatsapp_bridge.go:83.2,93.16 4 1
github.com/ravencloak-org/Raven/internal/service/whatsapp_bridge.go:93.16,96.3 2 0
github.com/ravencloak-org/Raven/internal/service/whatsapp_bridge.go:97.2,101.70 2 1
github.com/ravencloak-org/Raven/internal/service/whatsapp_bridge.go:101.70,104.3 2 1
github.com/ravencloak-org/Raven/internal/service/whatsapp_bridge.go:107.2,108.16 2 1
github.com/ravencloak-org/Raven/internal/service/whatsapp_bridge.go:108.16,111.3 2 1
github.com/ravencloak-org/Raven/internal/service/whatsapp_bridge.go:113.2,114.63 2 0
github.com/ravencloak-org/Raven/internal/service/whatsapp_bridge.go:114.63,119.15 2 0
github.com/ravencloak-org/Raven/internal/service/whatsapp_bridge.go:119.15,121.4 1 0
github.com/ravencloak-org/Raven/internal/service/whatsapp_bridge.go:124.3,134.15 2 0
github.com/ravencloak-org/Raven/internal/service/whatsapp_bridge.go:134.15,136.4 1 0
github.com/ravencloak-org/Raven/internal/service/whatsapp_bridge.go:139.3,140.11 2 0
github.com/ravencloak-org/Raven/internal/service/whatsapp_bridge.go:142.2,142.16 1 0
github.com/ravencloak-org/Raven/internal/service/whatsapp_bridge.go:142.16,145.3 2 0
github.com/ravencloak-org/Raven/internal/service/whatsapp_bridge.go:147.2,150.8 1 0
github.com/ravencloak-org/Raven/internal/service/whatsapp_bridge.go:154.117,156.64 2 0
github.com/ravencloak-org/Raven/internal/service/whatsapp_bridge.go:156.64,160.3 3 0
github.com/ravencloak-org/Raven/internal/service/whatsapp_bridge.go:161.2,161.16 1 0
github.com/ravencloak-org/Raven/internal/service/whatsapp_bridge.go:161.16,162.28 1 0
github.com/ravencloak-org/Raven/internal/service/whatsapp_bridge.go:162.28,164.4 1 0
github.com/ravencloak-org/Raven/internal/service/whatsapp_bridge.go:165.3,166.59 2 0
github.com/ravencloak-org/Raven/internal/service/whatsapp_bridge.go:168.2,168.20 1 0
github.com/ravencloak-org/Raven/internal/service/whatsapp_bridge.go:173.122,176.64 2 0
github.com/ravencloak-org/Raven/internal/service/whatsapp_bridge.go:176.64,179.15 2 0
github.com/ravencloak-org/Raven/internal/service/whatsapp_bridge.go:179.15,181.4 1 0
github.com/ravencloak-org/Raven/internal/service/whatsapp_bridge.go:183.3,183.47 1 0
github.com/ravencloak-org/Raven/internal/service/whatsapp_bridge.go:183.47,186.4 2 0
github.com/ravencloak-org/Raven/internal/service/whatsapp_bridge.go:189.3,189.30 1 0
github.com/ravencloak-org/Raven/internal/service/whatsapp_bridge.go:189.30,191.4 1 0
github.com/ravencloak-org/Raven/internal/service/whatsapp_bridge.go:194.3,195.11 2 0
github.com/ravencloak-org/Raven/internal/service/whatsapp_bridge.go:197.2,197.16 1 0
github.com/ravencloak-org/Raven/internal/service/whatsapp_bridge.go:197.16,198.28 1 0
github.com/ravencloak-org/Raven/internal/service/whatsapp_bridge.go:198.28,200.4 1 0
github.com/ravencloak-org/Raven/internal/service/whatsapp_bridge.go:201.3,202.64 2 0
github.com/ravencloak-org/Raven/internal/service/whatsapp_bridge.go:206.2,206.47 1 0
github.com/ravencloak-org/Raven/internal/service/whatsapp_bridge.go:206.47,207.72 1 0
github.com/ravencloak-org/Raven/internal/service/whatsapp_bridge.go:207.72,209.4 1 0
github.com/ravencloak-org/Raven/internal/service/whatsapp_bridge.go:212.2,212.20 1 0
github.com/ravencloak-org/Raven/internal/service/whatsapp_bridge.go:216.118,218.64 2 0
github.com/ravencloak-org/Raven/internal/service/whatsapp_bridge.go:218.64,222.3 3 0
github.com/ravencloak-org/Raven/internal/service/whatsapp_bridge.go:223.2,223.16 1 0
github.com/ravencloak-org/Raven/internal/service/whatsapp_bridge.go:223.16,226.3 2 0
github.com/ravencloak-org/Raven/internal/service/whatsapp_bridge.go:227.2,227.20 1 0
github.com/ravencloak-org/Raven/internal/service/whatsapp_bridge.go:227.20,229.3 1 0
github.com/ravencloak-org/Raven/internal/service/whatsapp_bridge.go:230.2,230.21 1 0
github.com/ravencloak-org/Raven/internal/service/whatsapp_bridge.go:234.39,235.16 1 0
github.com/ravencloak-org/Raven/internal/service/whatsapp_bridge.go:235.16,237.3 1 0
github.com/ravencloak-org/Raven/internal/service/whatsapp_bridge.go:238.2,238.35 1 0
github.com/ravencloak-org/Raven/internal/service/whatsapp_bridge.go:238.35,240.3 1 0
github.com/ravencloak-org/Raven/internal/service/whatsapp_bridge.go:241.2,243.38 2 0
github.com/ravencloak-org/Raven/internal/service/whatsapp_webhook.go:52.136,59.2 1 1
github.com/ravencloak-org/Raven/internal/service/whatsapp_webhook.go:63.95,64.25 1 1
github.com/ravencloak-org/Raven/internal/service/whatsapp_webhook.go:64.25,66.3 1 1
github.com/ravencloak-org/Raven/internal/service/whatsapp_webhook.go:67.2,67.28 1 1
github.com/ravencloak-org/Raven/internal/service/whatsapp_webhook.go:67.28,69.3 1 1
github.com/ravencloak-org/Raven/internal/service/whatsapp_webhook.go:70.2,70.21 1 1
github.com/ravencloak-org/Raven/internal/service/whatsapp_webhook.go:70.21,72.3 1 1
github.com/ravencloak-org/Raven/internal/service/whatsapp_webhook.go:73.2,73.23 1 1
github.com/ravencloak-org/Raven/internal/service/whatsapp_webhook.go:78.97,79.23 1 1
github.com/ravencloak-org/Raven/internal/service/whatsapp_webhook.go:79.23,83.3 2 1
github.com/ravencloak-org/Raven/internal/service/whatsapp_webhook.go:85.2,86.49 2 1
github.com/ravencloak-org/Raven/internal/service/whatsapp_webhook.go:86.49,88.3 1 1
github.com/ravencloak-org/Raven/internal/service/whatsapp_webhook.go:89.2,96.16 6 1
github.com/ravencloak-org/Raven/internal/service/whatsapp_webhook.go:96.16,98.3 1 1
github.com/ravencloak-org/Raven/internal/service/whatsapp_webhook.go:100.2,100.45 1 1
github.com/ravencloak-org/Raven/internal/service/whatsapp_webhook.go:105.152,108.16 2 0
github.com/ravencloak-org/Raven/internal/service/whatsapp_webhook.go:108.16,110.3 1 0
github.com/ravencloak-org/Raven/internal/service/whatsapp_webhook.go:112.2,122.20 3 0
github.com/ravencloak-org/Raven/internal/service/whatsapp_webhook.go:122.20,124.3 1 0
github.com/ravencloak-org/Raven/internal/service/whatsapp_webhook.go:126.2,127.63 2 0
github.com/ravencloak-org/Raven/internal/service/whatsapp_webhook.go:127.63,131.3 3 0
github.com/ravencloak-org/Raven/internal/service/whatsapp_webhook.go:132.2,132.16 1 0
github.com/ravencloak-org/Raven/internal/service/whatsapp_webhook.go:132.16,135.3 2 0
github.com/ravencloak-org/Raven/internal/service/whatsapp_webhook.go:137.2,144.20 3 0
github.com/ravencloak-org/Raven/internal/service/whatsapp_webhook.go:148.134,150.16 2 0
github.com/ravencloak-org/Raven/internal/service/whatsapp_webhook.go:150.16,152.3 1 0
github.com/ravencloak-org/Raven/internal/service/whatsapp_webhook.go:154.2,155.63 2 0
github.com/ravencloak-org/Raven/internal/service/whatsapp_webhook.go:155.63,159.3 3 0
github.com/ravencloak-org/Raven/internal/service/whatsapp_webhook.go:160.2,160.16 1 0
github.com/ravencloak-org/Raven/internal/service/whatsapp_webhook.go:160.16,161.30 1 0
github.com/ravencloak-org/Raven/internal/service/whatsapp_webhook.go:161.30,163.4 1 0
github.com/ravencloak-org/Raven/internal/service/whatsapp_webhook.go:164.3,165.80 2 0
github.com/ravencloak-org/Raven/internal/service/whatsapp_webhook.go:168.2,169.20 2 0
github.com/ravencloak-org/Raven/internal/service/whatsapp_webhook.go:173.130,175.16 2 0
github.com/ravencloak-org/Raven/internal/service/whatsapp_webhook.go:175.16,177.3 1 0
github.com/ravencloak-org/Raven/internal/service/whatsapp_webhook.go:179.2,180.63 2 0
github.com/ravencloak-org/Raven/internal/service/whatsapp_webhook.go:180.63,184.3 3 0
github.com/ravencloak-org/Raven/internal/service/whatsapp_webhook.go:185.2,185.16 1 0
github.com/ravencloak-org/Raven/internal/service/whatsapp_webhook.go:185.16,186.30 1 0
github.com/ravencloak-org/Raven/internal/service/whatsapp_webhook.go:186.30,188.4 1 0
github.com/ravencloak-org/Raven/internal/service/whatsapp_webhook.go:189.3,190.80 2 0
github.com/ravencloak-org/Raven/internal/service/whatsapp_webhook.go:193.2,194.20 2 0
github.com/ravencloak-org/Raven/internal/service/whatsapp_webhook.go:198.130,200.64 2 0
github.com/ravencloak-org/Raven/internal/service/whatsapp_webhook.go:200.64,204.3 3 0
github.com/ravencloak-org/Raven/internal/service/whatsapp_webhook.go:205.2,205.16 1 0
github.com/ravencloak-org/Raven/internal/service/whatsapp_webhook.go:205.16,206.30 1 0
github.com/ravencloak-org/Raven/internal/service/whatsapp_webhook.go:206.30,208.4 1 0
github.com/ravencloak-org/Raven/internal/service/whatsapp_webhook.go:209.3,210.77 2 0
github.com/ravencloak-org/Raven/internal/service/whatsapp_webhook.go:212.2,212.20 1 0
github.com/ravencloak-org/Raven/internal/service/whatsapp_webhook.go:216.110,218.64 2 0
github.com/ravencloak-org/Raven/internal/service/whatsapp_webhook.go:218.64,222.3 3 0
github.com/ravencloak-org/Raven/internal/service/whatsapp_webhook.go:223.2,223.16 1 0
github.com/ravencloak-org/Raven/internal/service/whatsapp_webhook.go:223.16,224.30 1 0
github.com/ravencloak-org/Raven/internal/service/whatsapp_webhook.go:224.30,226.4 1 0
github.com/ravencloak-org/Raven/internal/service/whatsapp_webhook.go:227.3,228.71 2 0
github.com/ravencloak-org/Raven/internal/service/whatsapp_webhook.go:230.2,230.20 1 0
github.com/ravencloak-org/Raven/internal/service/whatsapp_webhook.go:234.139,235.16 1 0
github.com/ravencloak-org/Raven/internal/service/whatsapp_webhook.go:235.16,237.3 1 0
github.com/ravencloak-org/Raven/internal/service/whatsapp_webhook.go:238.2,238.17 1 0
github.com/ravencloak-org/Raven/internal/service/whatsapp_webhook.go:238.17,240.3 1 0
github.com/ravencloak-org/Raven/internal/service/whatsapp_webhook.go:241.2,241.16 1 0
github.com/ravencloak-org/Raven/internal/service/whatsapp_webhook.go:241.16,243.3 1 0
github.com/ravencloak-org/Raven/internal/service/whatsapp_webhook.go:245.2,247.64 3 0
github.com/ravencloak-org/Raven/internal/service/whatsapp_webhook.go:247.64,251.3 3 0
github.com/ravencloak-org/Raven/internal/service/whatsapp_webhook.go:252.2,252.16 1 0
github.com/ravencloak-org/Raven/internal/service/whatsapp_webhook.go:252.16,255.3 2 0
github.com/ravencloak-org/Raven/internal/service/whatsapp_webhook.go:256.2,256.18 1 0
github.com/ravencloak-org/Raven/internal/service/whatsapp_webhook.go:256.18,258.3 1 0
github.com/ravencloak-org/Raven/internal/service/whatsapp_webhook.go:259.2,264.8 1 0
github.com/ravencloak-org/Raven/internal/service/whatsapp_webhook.go:270.110,272.16 2 0
github.com/ravencloak-org/Raven/internal/service/whatsapp_webhook.go:272.16,274.3 1 0
github.com/ravencloak-org/Raven/internal/service/whatsapp_webhook.go:275.2,278.70 2 0
github.com/ravencloak-org/Raven/internal/service/whatsapp_webhook.go:278.70,280.3 1 0
github.com/ravencloak-org/Raven/internal/service/whatsapp_webhook.go:282.2,283.16 2 0
github.com/ravencloak-org/Raven/internal/service/whatsapp_webhook.go:283.16,284.30 1 0
github.com/ravencloak-org/Raven/internal/service/whatsapp_webhook.go:284.30,287.4 2 0
github.com/ravencloak-org/Raven/internal/service/whatsapp_webhook.go:288.3,288.53 1 0
github.com/ravencloak-org/Raven/internal/service/whatsapp_webhook.go:291.2,291.39 1 0
github.com/ravencloak-org/Raven/internal/service/whatsapp_webhook.go:291.39,293.3 1 0
github.com/ravencloak-org/Raven/internal/service/whatsapp_webhook.go:294.2,294.25 1 0
github.com/ravencloak-org/Raven/internal/service/whatsapp_webhook.go:298.41,299.16 1 0
github.com/ravencloak-org/Raven/internal/service/whatsapp_webhook.go:299.16,301.3 1 0
github.com/ravencloak-org/Raven/internal/service/whatsapp_webhook.go:302.2,302.35 1 0
github.com/ravencloak-org/Raven/internal/service/whatsapp_webhook.go:302.35,304.3 1 0
github.com/ravencloak-org/Raven/internal/service/whatsapp_webhook.go:305.2,307.38 2 0
github.com/ravencloak-org/Raven/internal/service/workspace.go:22.102,24.2 1 0
github.com/ravencloak-org/Raven/internal/service/workspace.go:27.130,29.16 2 0
github.com/ravencloak-org/Raven/internal/service/workspace.go:29.16,31.3 1 0
github.com/ravencloak-org/Raven/internal/service/workspace.go:32.2,33.64 2 0
github.com/ravencloak-org/Raven/internal/service/workspace.go:33.64,37.3 3 0
github.com/ravencloak-org/Raven/internal/service/workspace.go:38.2,38.16 1 0
github.com/ravencloak-org/Raven/internal/service/workspace.go:38.16,39.92 1 0
github.com/ravencloak-org/Raven/internal/service/workspace.go:39.92,41.4 1 0
github.com/ravencloak-org/Raven/internal/service/workspace.go:42.3,42.81 1 0
github.com/ravencloak-org/Raven/internal/service/workspace.go:44.2,44.16 1 0
github.com/ravencloak-org/Raven/internal/service/workspace.go:48.109,50.64 2 0
github.com/ravencloak-org/Raven/internal/service/workspace.go:50.64,54.3 3 0
github.com/ravencloak-org/Raven/internal/service/workspace.go:55.2,55.16 1 0
github.com/ravencloak-org/Raven/internal/service/workspace.go:55.16,56.47 1 0
github.com/ravencloak-org/Raven/internal/service/workspace.go:56.47,58.4 1 0
github.com/ravencloak-org/Raven/internal/service/workspace.go:59.3,59.80 1 0
github.com/ravencloak-org/Raven/internal/service/workspace.go:61.2,61.16 1 0
github.com/ravencloak-org/Raven/internal/service/workspace.go:65.100,67.64 2 0
github.com/ravencloak-org/Raven/internal/service/workspace.go:67.64,71.3 3 0
github.com/ravencloak-org/Raven/internal/service/workspace.go:72.2,72.16 1 0
github.com/ravencloak-org/Raven/internal/service/workspace.go:72.16,74.3 1 0
github.com/ravencloak-org/Raven/internal/service/workspace.go:75.2,75.24 1 0
github.com/ravencloak-org/Raven/internal/service/workspace.go:79.136,81.64 2 0
github.com/ravencloak-org/Raven/internal/service/workspace.go:81.64,85.3 3 0
github.com/ravencloak-org/Raven/internal/service/workspace.go:86.2,86.16 1 0
github.com/ravencloak-org/Raven/internal/service/workspace.go:86.16,87.47 1 0
github.com/ravencloak-org/Raven/internal/service/workspace.go:87.47,89.4 1 0
github.com/ravencloak-org/Raven/internal/service/workspace.go:90.3,90.81 1 0
github.com/ravencloak-org/Raven/internal/service/workspace.go:92.2,92.16 1 0
github.com/ravencloak-org/Raven/internal/service/workspace.go:96.82,97.64 1 0
github.com/ravencloak-org/Raven/internal/service/workspace.go:97.64,99.3 1 0
github.com/ravencloak-org/Raven/internal/service/workspace.go:100.2,100.16 1 0
github.com/ravencloak-org/Raven/internal/service/workspace.go:100.16,101.49 1 0
github.com/ravencloak-org/Raven/internal/service/workspace.go:101.49,103.4 1 0
github.com/ravencloak-org/Raven/internal/service/workspace.go:104.3,104.76 1 0
github.com/ravencloak-org/Raven/internal/service/workspace.go:106.2,106.12 1 0
github.com/ravencloak-org/Raven/internal/service/workspace.go:110.148,112.64 2 0
github.com/ravencloak-org/Raven/internal/service/workspace.go:112.64,116.3 3 0
github.com/ravencloak-org/Raven/internal/service/workspace.go:117.2,117.16 1 0
github.com/ravencloak-org/Raven/internal/service/workspace.go:117.16,118.92 1 0
github.com/ravencloak-org/Raven/internal/service/workspace.go:118.92,120.4 1 0
github.com/ravencloak-org/Raven/internal/service/workspace.go:121.3,121.75 1 0
github.com/ravencloak-org/Raven/internal/service/workspace.go:123.2,123.20 1 0
github.com/ravencloak-org/Raven/internal/service/workspace.go:127.173,129.64 2 0
github.com/ravencloak-org/Raven/internal/service/workspace.go:129.64,133.3 3 0
github.com/ravencloak-org/Raven/internal/service/workspace.go:134.2,134.16 1 0
github.com/ravencloak-org/Raven/internal/service/workspace.go:134.16,135.47 1 0
github.com/ravencloak-org/Raven/internal/service/workspace.go:135.47,137.4 1 0
github.com/ravencloak-org/Raven/internal/service/workspace.go:138.3,138.83 1 0
github.com/ravencloak-org/Raven/internal/service/workspace.go:140.2,140.20 1 0
github.com/ravencloak-org/Raven/internal/service/workspace.go:144.96,145.64 1 0
github.com/ravencloak-org/Raven/internal/service/workspace.go:145.64,147.3 1 0
github.com/ravencloak-org/Raven/internal/service/workspace.go:148.2,148.16 1 0
github.com/ravencloak-org/Raven/internal/service/workspace.go:148.16,149.49 1 0
github.com/ravencloak-org/Raven/internal/service/workspace.go:149.49,151.4 1 0
github.com/ravencloak-org/Raven/internal/service/workspace.go:152.3,152.73 1 0
github.com/ravencloak-org/Raven/internal/service/workspace.go:154.2,154.12 1 0
github.com/ravencloak-org/Raven/internal/telemetry/posthog.go:39.78,40.19 1 0
github.com/ravencloak-org/Raven/internal/telemetry/posthog.go:40.19,42.3 1 0
github.com/ravencloak-org/Raven/internal/telemetry/posthog.go:43.2,44.16 2 0
github.com/ravencloak-org/Raven/internal/telemetry/posthog.go:44.16,46.3 1 0
github.com/ravencloak-org/Raven/internal/telemetry/posthog.go:48.2,56.3 1 0
github.com/ravencloak-org/Raven/internal/telemetry/posthog.go:60.40,62.2 1 0
github.com/ravencloak-org/Raven/internal/telemetry/posthog.go:85.118,86.16 1 0
github.com/ravencloak-org/Raven/internal/telemetry/posthog.go:86.16,88.3 1 0
github.com/ravencloak-org/Raven/internal/telemetry/posthog.go:90.2,98.34 2 0
github.com/ravencloak-org/Raven/internal/telemetry/posthog.go:102.113,103.16 1 0
github.com/ravencloak-org/Raven/internal/telemetry/posthog.go:103.16,105.3 1 0
github.com/ravencloak-org/Raven/internal/telemetry/posthog.go:107.2,114.34 2 0
github.com/ravencloak-org/Raven/internal/telemetry/posthog.go:118.82,120.16 2 0
github.com/ravencloak-org/Raven/internal/telemetry/posthog.go:120.16,125.3 2 0
github.com/ravencloak-org/Raven/internal/telemetry/posthog.go:127.2,129.16 3 0
github.com/ravencloak-org/Raven/internal/telemetry/posthog.go:129.16,135.3 2 0
github.com/ravencloak-org/Raven/internal/telemetry/posthog.go:136.2,139.16 3 0
github.com/ravencloak-org/Raven/internal/telemetry/posthog.go:139.16,145.3 2 0
github.com/ravencloak-org/Raven/internal/telemetry/posthog.go:146.2,146.15 1 0
github.com/ravencloak-org/Raven/internal/telemetry/posthog.go:146.15,146.40 1 0
github.com/ravencloak-org/Raven/internal/telemetry/posthog.go:148.2,148.28 1 0
github.com/ravencloak-org/Raven/internal/telemetry/posthog.go:148.28,153.3 1 0
github.com/ravencloak-org/Raven/internal/telemetry/posthog.go:158.39,160.2 1 0
github.com/ravencloak-org/Raven/internal/telemetry/posthog.go:163.41,164.16 1 0
github.com/ravencloak-org/Raven/internal/telemetry/posthog.go:164.16,166.3 1 0
github.com/ravencloak-org/Raven/internal/telemetry/posthog.go:167.2,167.54 1 0
github.com/ravencloak-org/Raven/internal/telemetry/telemetry.go:29.149,40.16 2 1
github.com/ravencloak-org/Raven/internal/telemetry/telemetry.go:40.16,42.3 1 0
github.com/ravencloak-org/Raven/internal/telemetry/telemetry.go:46.2,46.20 1 1
github.com/ravencloak-org/Raven/internal/telemetry/telemetry.go:46.20,47.38 1 1
github.com/ravencloak-org/Raven/internal/telemetry/telemetry.go:47.38,47.52 1 1
github.com/ravencloak-org/Raven/internal/telemetry/telemetry.go:50.2,53.49 2 1
github.com/ravencloak-org/Raven/internal/telemetry/telemetry.go:53.49,55.36 2 1
github.com/ravencloak-org/Raven/internal/telemetry/telemetry.go:55.36,56.30 1 1
github.com/ravencloak-org/Raven/internal/telemetry/telemetry.go:56.30,58.5 1 1
github.com/ravencloak-org/Raven/internal/telemetry/telemetry.go:60.3,60.30 1 1
github.com/ravencloak-org/Raven/internal/telemetry/telemetry.go:64.2,68.16 2 1
github.com/ravencloak-org/Raven/internal/telemetry/telemetry.go:68.16,70.3 1 0
github.com/ravencloak-org/Raven/internal/telemetry/telemetry.go:72.2,84.16 5 1
github.com/ravencloak-org/Raven/internal/telemetry/telemetry.go:84.16,86.3 1 0
github.com/ravencloak-org/Raven/internal/telemetry/telemetry.go:88.2,101.25 5 1
